2015-08-03 00:03:30,194 INFO  [org.jboss.modules] (main) JBoss Modules version 1.4.3.Final
2015-08-03 00:03:30,766 INFO  [org.jboss.msc] (main) JBoss MSC version 1.2.6.Final
2015-08-03 00:03:30,864 INFO  [org.jboss.as] (MSC service thread 1-6) WFLYSRV0049: WildFly Full 9.0.1.Final (WildFly Core 1.0.1.Final) starting
2015-08-03 00:03:30,865 DEBUG [org.jboss.as.config] (MSC service thread 1-6) Configured system properties:
	awt.toolkit = sun.awt.windows.WToolkit
	file.encoding = Cp1252
	file.encoding.pkg = sun.io
	file.separator = \
	java.awt.graphicsenv = sun.awt.Win32GraphicsEnvironment
	java.awt.headless = true
	java.awt.printerjob = sun.awt.windows.WPrinterJob
	java.class.path = C:\Users\usuario\Desktop\IAk\wildfly-9.0.1.Final\jboss-modules.jar
	java.class.version = 52.0
	java.endorsed.dirs = C:\Users\usuario\Desktop\IAk\jdk8\jre\lib\endorsed
	java.ext.dirs = C:\Users\usuario\Desktop\IAk\jdk8\jre\lib\ext;C:\Windows\Sun\Java\lib\ext
	java.home = C:\Users\usuario\Desktop\IAk\jdk8\jre
	java.io.tmpdir = C:\Users\usuario\AppData\Local\Temp\
	java.library.path = C:\Users\usuario\Desktop\IAk\jdk8\bin;C:\Windows\Sun\Java\bin;C:\Windows\system32;C:\Windows;native;C:\ProgramData\Oracle\Java\javapath;C:\Program Files (x86)\PC Connectivity Solution\;C:\Program Files (x86)\Common Files\Intel\Shared Files\cpp\bin\Intel64;C:\Program Files\Common Files\Microsoft Shared\Windows Live;C:\Program Files (x86)\Common Files\Microsoft Shared\Windows Live;C:\Program Files (x86)\AMD APP\bin\x86_64;C:\Program Files (x86)\AMD APP\bin\x86;C:\Users\usuario\Documents\ATI Stream\bin\x86_64;C:\Users\usuario\Documents\ATI Stream\bin\x86;C:\Windows\system32;C:\Windows;C:\Windows\System32\Wbem;C:\Windows\System32\WindowsPowerShell\v1.0\;C:\Program Files (x86)\ATI Technologies\ATI.ACE\Core-Static;C:\Program Files\Microsoft SQL Server\110\Tools\Binn\;C:\Program Files\TortoiseSVN\bin;k:\ft\;k:\ft\exe;k:\ft\apl;k:\ft\dos5uti;C:\Program Files (x86)\Windows Live\Shared;C:\Program Files (x86)\Skype\Phone\;.
	java.net.preferIPv4Stack = true
	java.runtime.name = Java(TM) SE Runtime Environment
	java.runtime.version = 1.8.0_51-b16
	java.specification.name = Java Platform API Specification
	java.specification.vendor = Oracle Corporation
	java.specification.version = 1.8
	java.util.logging.manager = org.jboss.logmanager.LogManager
	java.vendor = Oracle Corporation
	java.vendor.url = http://java.oracle.com/
	java.vendor.url.bug = http://bugreport.sun.com/bugreport/
	java.version = 1.8.0_51
	java.vm.info = mixed mode
	java.vm.name = Java HotSpot(TM) Server VM
	java.vm.specification.name = Java Virtual Machine Specification
	java.vm.specification.vendor = Oracle Corporation
	java.vm.specification.version = 1.8
	java.vm.vendor = Oracle Corporation
	java.vm.version = 25.51-b03
	javax.management.builder.initial = org.jboss.as.jmx.PluggableMBeanServerBuilder
	javax.xml.datatype.DatatypeFactory = __redirected.__DatatypeFactory
	javax.xml.parsers.DocumentBuilderFactory = __redirected.__DocumentBuilderFactory
	javax.xml.parsers.SAXParserFactory = __redirected.__SAXParserFactory
	javax.xml.stream.XMLEventFactory = __redirected.__XMLEventFactory
	javax.xml.stream.XMLInputFactory = __redirected.__XMLInputFactory
	javax.xml.stream.XMLOutputFactory = __redirected.__XMLOutputFactory
	javax.xml.transform.TransformerFactory = __redirected.__TransformerFactory
	javax.xml.validation.SchemaFactory:http://www.w3.org/2001/XMLSchema = __redirected.__SchemaFactory
	javax.xml.xpath.XPathFactory:http://java.sun.com/jaxp/xpath/dom = __redirected.__XPathFactory
	jboss.bind.address = 0.0.0.0
	jboss.bind.address.management = 0.0.0.0
	jboss.home.dir = C:\Users\usuario\Desktop\IAk\wildfly-9.0.1.Final\bin\..
	jboss.host.name = usuario-pc
	jboss.modules.dir = C:\Users\usuario\Desktop\IAk\wildfly-9.0.1.Final\bin\..\modules
	jboss.modules.system.pkgs = org.jboss.byteman
	jboss.node.name = usuario-pc
	jboss.qualified.host.name = usuario-pc
	jboss.server.base.dir = C:\Users\usuario\Desktop\IAk\wildfly-9.0.1.Final\bin\..\standalone
	jboss.server.config.dir = C:\Users\usuario\Desktop\IAk\wildfly-9.0.1.Final\bin\..\standalone\configuration
	jboss.server.data.dir = C:\Users\usuario\Desktop\IAk\wildfly-9.0.1.Final\bin\..\standalone\data
	jboss.server.deploy.dir = C:\Users\usuario\Desktop\IAk\wildfly-9.0.1.Final\bin\..\standalone\data\content
	jboss.server.log.dir = C:\Users\usuario\Desktop\IAk\wildfly-9.0.1.Final\bin\..\standalone\log
	jboss.server.name = usuario-pc
	jboss.server.persist.config = true
	jboss.server.temp.dir = C:\Users\usuario\Desktop\IAk\wildfly-9.0.1.Final\bin\..\standalone\tmp
	line.separator = 

	logging.configuration = file:../standalone/configuration/logging.properties
	module.path = ../modules
	org.jboss.boot.log.file = ../standalone/log/boot.log
	org.jboss.logmanager.nocolor = true
	org.jboss.resolver.warning = true
	org.xml.sax.driver = __redirected.__XMLReaderFactory
	os.arch = x86
	os.name = Windows 7
	os.version = 6.1
	path.separator = ;
	program.name = JBossTools: WildFly 9
	sun.arch.data.model = 32
	sun.boot.class.path = C:\Users\usuario\Desktop\IAk\jdk8\jre\lib\resources.jar;C:\Users\usuario\Desktop\IAk\jdk8\jre\lib\rt.jar;C:\Users\usuario\Desktop\IAk\jdk8\jre\lib\sunrsasign.jar;C:\Users\usuario\Desktop\IAk\jdk8\jre\lib\jsse.jar;C:\Users\usuario\Desktop\IAk\jdk8\jre\lib\jce.jar;C:\Users\usuario\Desktop\IAk\jdk8\jre\lib\charsets.jar;C:\Users\usuario\Desktop\IAk\jdk8\jre\lib\jfr.jar;C:\Users\usuario\Desktop\IAk\jdk8\jre\classes
	sun.boot.library.path = C:\Users\usuario\Desktop\IAk\jdk8\jre\bin
	sun.cpu.endian = little
	sun.cpu.isalist = 
	sun.desktop = windows
	sun.io.unicode.encoding = UnicodeLittle
	sun.java.command = org.jboss.modules.Main -mp ../modules -jaxpmodule javax.xml.jaxp-provider org.jboss.as.standalone -b 0.0.0.0 --server-config=standalone.xml -Djboss.server.base.dir=../standalone
	sun.java.launcher = SUN_STANDARD
	sun.jnu.encoding = Cp1252
	sun.management.compiler = HotSpot Tiered Compilers
	sun.os.patch.level = Service Pack 1
	sun.rmi.dgc.client.gcInterval = 3600000
	sun.rmi.dgc.server.gcInterval = 3600000
	user.country = AR
	user.dir = C:\Users\usuario\Desktop\IAk\wildfly-9.0.1.Final\bin
	user.home = C:\Users\usuario
	user.language = es
	user.name = usuario
	user.script = 
	user.timezone = America/Buenos_Aires
	user.variant = 
2015-08-03 00:03:30,867 DEBUG [org.jboss.as.config] (MSC service thread 1-6) VM Arguments: -Dprogram.name=JBossTools: WildFly 9 -Xms64m -Xmx512m -Dorg.jboss.resolver.warning=true -Djava.net.preferIPv4Stack=true -Dsun.rmi.dgc.client.gcInterval=3600000 -Dsun.rmi.dgc.server.gcInterval=3600000 -Djboss.modules.system.pkgs=org.jboss.byteman -Djava.awt.headless=true -Dorg.jboss.boot.log.file=../standalone/log/boot.log -Dlogging.configuration=file:../standalone/configuration/logging.properties -Djboss.home.dir=../ -Dorg.jboss.logmanager.nocolor=true -Djboss.bind.address.management=0.0.0.0 -Dfile.encoding=Cp1252 
2015-08-03 00:03:33,845 INFO  [org.jboss.as.controller.management-deprecated] (ServerService Thread Pool -- 21) WFLYCTL0028: Attribute 'enabled' in the resource at address '/subsystem=datasources/data-source=ExampleDS' is deprecated, and may be removed in future version. See the attribute description in the output of the read-resource-description operation to learn more about the deprecation.
2015-08-03 00:03:33,846 INFO  [org.jboss.as.controller.management-deprecated] (ServerService Thread Pool -- 19) WFLYCTL0028: Attribute 'job-repository-type' in the resource at address '/subsystem=batch' is deprecated, and may be removed in future version. See the attribute description in the output of the read-resource-description operation to learn more about the deprecation.
2015-08-03 00:03:33,885 INFO  [org.jboss.as.server.deployment.scanner] (DeploymentScanner-threads - 1) WFLYDS0004: Found wsEAR.ear in deployment directory. To trigger deployment create a file called wsEAR.ear.dodeploy
2015-08-03 00:03:33,909 INFO  [org.jboss.as.server] (Controller Boot Thread) WFLYSRV0039: Creating http management service using socket-binding (management-http)
2015-08-03 00:03:33,995 INFO  [org.xnio] (MSC service thread 1-3) XNIO version 3.3.1.Final
2015-08-03 00:03:34,013 INFO  [org.xnio.nio] (MSC service thread 1-3) XNIO NIO Implementation Version 3.3.1.Final
