2017-10-30 19:06:39,496 INFO  [org.wildfly.extension.io] (ServerService Thread Pool -- 37) WFLYIO001: Worker 'default' has auto-configured to 8 core threads with 64 task threads based on your 4 available processors
2017-10-30 19:06:39,506 INFO  [org.jboss.as.connector.subsystems.datasources] (ServerService Thread Pool -- 33) WFLYJCA0004: Deploying JDBC-compliant driver class org.h2.Driver (version 1.3)
2017-10-30 19:06:39,532 INFO  [org.jboss.as.clustering.infinispan] (ServerService Thread Pool -- 38) WFLYCLINF0001: Activating Infinispan subsystem.
2017-10-30 19:06:39,534 INFO  [org.jboss.as.connector] (MSC service thread 1-8) WFLYJCA0009: Starting JCA Subsystem (IronJacamar 1.2.4.Final)
2017-10-30 19:06:39,539 INFO  [org.jboss.as.connector.deployers.jdbc] (MSC service thread 1-3) WFLYJCA0018: Started Driver service with driver-name = h2
2017-10-30 19:06:39,593 INFO  [org.wildfly.extension.undertow] (MSC service thread 1-3) WFLYUT0003: Undertow 1.2.9.Final starting
2017-10-30 19:06:39,598 INFO  [org.jboss.as.webservices] (ServerService Thread Pool -- 56) WFLYWS0002: Activating WebServices Extension
2017-10-30 19:06:39,607 WARN  [org.jboss.as.txn] (ServerService Thread Pool -- 54) WFLYTX0013: Node identifier property is set to the default value. Please make sure it is unique.
2017-10-30 19:06:39,609 INFO  [org.jboss.as.security] (ServerService Thread Pool -- 53) WFLYSEC0002: Activating Security Subsystem
2017-10-30 19:06:39,615 INFO  [org.jboss.as.security] (MSC service thread 1-3) WFLYSEC0001: Current PicketBox version=4.9.2.Final
2017-10-30 19:06:39,616 INFO  [org.wildfly.extension.undertow] (ServerService Thread Pool -- 55) WFLYUT0003: Undertow 1.2.9.Final starting
2017-10-30 19:06:39,697 INFO  [org.jboss.as.naming] (ServerService Thread Pool -- 46) WFLYNAM0001: Activating Naming Subsystem
2017-10-30 19:06:39,704 INFO  [org.jboss.as.jsf] (ServerService Thread Pool -- 44) WFLYJSF0007: Activated the following JSF Implementations: [main]
2017-10-30 19:06:39,802 INFO  [org.wildfly.extension.undertow] (ServerService Thread Pool -- 55) WFLYUT0014: Creating file handler for path C:\WildFly\wildfly-9.0.1.Final/welcome-content
2017-10-30 19:06:39,985 INFO  [org.jboss.as.naming] (MSC service thread 1-3) WFLYNAM0003: Starting Naming Service
2017-10-30 19:06:39,986 INFO  [org.jboss.as.mail.extension] (MSC service thread 1-3) WFLYMAIL0001: Bound mail session [java:jboss/mail/Default]
2017-10-30 19:06:40,449 INFO  [org.jboss.as.server.deployment.scanner] (MSC service thread 1-6) WFLYDS0013: Started FileSystemDeploymentService for directory C:\WildFly\wildfly-9.0.1.Final\standalone\deployments
2017-10-30 19:06:40,453 INFO  [org.jboss.as.server.deployment] (MSC service thread 1-1) WFLYSRV0027: Starting deployment of "serverEAR.ear" (runtime-name: "serverEAR.ear")
2017-10-30 19:06:40,512 INFO  [org.wildfly.extension.undertow] (MSC service thread 1-6) WFLYUT0012: Started server default-server.
2017-10-30 19:06:40,527 INFO  [org.wildfly.extension.undertow] (MSC service thread 1-6) WFLYUT0018: Host default-host starting
2017-10-30 19:06:40,536 INFO  [org.jboss.remoting] (MSC service thread 1-4) JBoss Remoting version 4.0.9.Final
2017-10-30 19:06:40,541 INFO  [org.wildfly.extension.undertow] (MSC service thread 1-8) WFLYUT0006: Undertow HTTP listener default listening on localhost/127.0.0.1:8080
2017-10-30 19:06:40,605 INFO  [org.jboss.as.server.deployment] (MSC service thread 1-1) WFLYSRV0207: Starting subdeployment (runtime-name: "server.jar")
2017-10-30 19:06:40,690 INFO  [org.jboss.as.connector.subsystems.datasources] (MSC service thread 1-7) WFLYJCA0001: Bound data source [java:jboss/datasources/ExampleDS]
2017-10-30 19:06:40,797 INFO  [org.jboss.ws.common.management] (MSC service thread 1-8) JBWS022052: Starting JBoss Web Services - Stack CXF Server 5.0.0.Final
2017-10-30 19:06:40,995 INFO  [org.jboss.weld.deployer] (MSC service thread 1-1) WFLYWELD0003: Processing weld deployment serverEAR.ear
2017-10-30 19:06:41,117 INFO  [org.hibernate.validator.internal.util.Version] (MSC service thread 1-1) HV000001: Hibernate Validator 5.1.3.Final
2017-10-30 19:06:41,446 INFO  [org.jboss.weld.deployer] (MSC service thread 1-2) WFLYWELD0003: Processing weld deployment server.jar
2017-10-30 19:06:41,471 INFO  [org.jboss.as.ejb3.deployment.processors.EjbJndiBindingsDeploymentUnitProcessor] (MSC service thread 1-2) JNDI bindings for session bean named MiBean in deployment unit subdeployment "server.jar" of deployment "serverEAR.ear" are as follows:

	java:global/serverEAR/server/MiBean!com.example.MiBeanLocal
	java:app/server/MiBean!com.example.MiBeanLocal
	java:module/MiBean!com.example.MiBeanLocal
	java:global/serverEAR/server/MiBean!com.example.MiBean
	java:app/server/MiBean!com.example.MiBean
	java:module/MiBean!com.example.MiBean
	java:global/serverEAR/server/MiBean!com.example.MiBeanRemote
	java:app/server/MiBean!com.example.MiBeanRemote
	java:module/MiBean!com.example.MiBeanRemote
	java:jboss/exported/serverEAR/server/MiBean!com.example.MiBeanRemote

2017-10-30 19:06:41,490 INFO  [org.jboss.weld.deployer] (MSC service thread 1-2) WFLYWELD0006: Starting Services for CDI deployment: serverEAR.ear
2017-10-30 19:06:41,534 INFO  [org.jboss.weld.Version] (MSC service thread 1-2) WELD-000900: 2.2.14 (Final)
2017-10-30 19:06:41,761 INFO  [org.jboss.weld.deployer] (MSC service thread 1-5) WFLYWELD0009: Starting weld service for deployment serverEAR.ear
2017-10-30 19:06:43,486 INFO  [org.jboss.as.server] (ServerService Thread Pool -- 34) WFLYSRV0010: Deployed "serverEAR.ear" (runtime-name : "serverEAR.ear")
2017-10-30 19:06:43,619 INFO  [org.jboss.as] (Controller Boot Thread) WFLYSRV0060: Http management interface listening on http://127.0.0.1:9990/management
2017-10-30 19:06:43,620 INFO  [org.jboss.as] (Controller Boot Thread) WFLYSRV0051: Admin console listening on http://127.0.0.1:9990
2017-10-30 19:06:43,620 INFO  [org.jboss.as] (Controller Boot Thread) WFLYSRV0025: WildFly Full 9.0.1.Final (WildFly Core 1.0.1.Final) started in 6582ms - Started 333 of 512 services (228 services are lazy, passive or on-demand)
2017-10-30 19:07:10,821 INFO  [org.jboss.modules] (main) JBoss Modules version 1.4.3.Final
2017-10-30 19:07:11,065 INFO  [org.jboss.msc] (main) JBoss MSC version 1.2.6.Final
2017-10-30 19:07:11,136 INFO  [org.jboss.as] (MSC service thread 1-6) WFLYSRV0049: WildFly Full 9.0.1.Final (WildFly Core 1.0.1.Final) starting
2017-10-30 19:07:11,141 DEBUG [org.jboss.as.config] (MSC service thread 1-6) Configured system properties:
	awt.toolkit = sun.awt.windows.WToolkit
	file.encoding = Cp1252
	file.encoding.pkg = sun.io
	file.separator = \
	java.awt.graphicsenv = sun.awt.Win32GraphicsEnvironment
	java.awt.headless = true
	java.awt.printerjob = sun.awt.windows.WPrinterJob
	java.class.path = C:\WildFly\wildfly-9.0.1.Final\jboss-modules.jar
	java.class.version = 52.0
	java.endorsed.dirs = C:\Program Files\Java\jre1.8.0_101\lib\endorsed
	java.ext.dirs = C:\Program Files\Java\jre1.8.0_101\lib\ext;C:\WINDOWS\Sun\Java\lib\ext
	java.home = C:\Program Files\Java\jre1.8.0_101
	java.io.tmpdir = C:\Users\Martin\AppData\Local\Temp\
	java.library.path = C:\Program Files\Java\jre1.8.0_101\bin;C:\WINDOWS\Sun\Java\bin;C:\WINDOWS\system32;C:\WINDOWS;native;C:/Program Files/Java/jre1.8.0_101/bin/server;C:/Program Files/Java/jre1.8.0_101/bin;C:/Program Files/Java/jre1.8.0_101/lib/amd64;C:\ProgramData\Oracle\Java\javapath;C:\Program Files (x86)\Intel\iCLS Client\;C:\Program Files\Intel\iCLS Client\;C:\WINDOWS\system32;C:\WINDOWS;C:\WINDOWS\System32\Wbem;C:\WINDOWS\System32\WindowsPowerShell\v1.0\;C:\Program Files (x86)\Intel\Intel(R) Management Engine Components\DAL;C:\Program Files\Intel\Intel(R) Management Engine Components\DAL;C:\Program Files (x86)\Intel\Intel(R) Management Engine Components\IPT;C:\Program Files\Intel\Intel(R) Management Engine Components\IPT;C:\Program Files\Java\jdk1.8.0_101\bin;C:\Program Files\Microsoft SQL Server\110\DTS\Binn\;C:\Program Files (x86)\Microsoft SQL Server\110\Tools\Binn\;C:\Program Files\Microsoft SQL Server\110\Tools\Binn\;C:\Program Files (x86)\Microsoft SQL Server\110\Tools\Binn\ManagementStudio\;C:\Program Files (x86)\Microsoft Visual Studio 10.0\Common7\IDE\PrivateAssemblies\;C:\Program Files (x86)\Microsoft SQL Server\110\DTS\Binn\;C:\Users\Martin\AppData\Local\Microsoft\WindowsApps;;C:\eclipse;;.
	java.net.preferIPv4Stack = true
	java.runtime.name = Java(TM) SE Runtime Environment
	java.runtime.version = 1.8.0_101-b13
	java.specification.name = Java Platform API Specification
	java.specification.vendor = Oracle Corporation
	java.specification.version = 1.8
	java.util.logging.manager = org.jboss.logmanager.LogManager
	java.vendor = Oracle Corporation
	java.vendor.url = http://java.oracle.com/
	java.vendor.url.bug = http://bugreport.sun.com/bugreport/
	java.version = 1.8.0_101
	java.vm.info = mixed mode
	java.vm.name = Java HotSpot(TM) 64-Bit Server VM
	java.vm.specification.name = Java Virtual Machine Specification
	java.vm.specification.vendor = Oracle Corporation
	java.vm.specification.version = 1.8
	java.vm.vendor = Oracle Corporation
	java.vm.version = 25.101-b13
	javax.management.builder.initial = org.jboss.as.jmx.PluggableMBeanServerBuilder
	javax.xml.datatype.DatatypeFactory = __redirected.__DatatypeFactory
	javax.xml.parsers.DocumentBuilderFactory = __redirected.__DocumentBuilderFactory
	javax.xml.parsers.SAXParserFactory = __redirected.__SAXParserFactory
	javax.xml.stream.XMLEventFactory = __redirected.__XMLEventFactory
	javax.xml.stream.XMLInputFactory = __redirected.__XMLInputFactory
	javax.xml.stream.XMLOutputFactory = __redirected.__XMLOutputFactory
	javax.xml.transform.TransformerFactory = __redirected.__TransformerFactory
	javax.xml.validation.SchemaFactory:http://www.w3.org/2001/XMLSchema = __redirected.__SchemaFactory
	javax.xml.xpath.XPathFactory:http://java.sun.com/jaxp/xpath/dom = __redirected.__XPathFactory
	jboss.bind.address = localhost
	jboss.bind.address.management = localhost
	jboss.home.dir = C:\WildFly\wildfly-9.0.1.Final
	jboss.host.name = desktop-oi2q7gv
	jboss.modules.dir = C:\WildFly\wildfly-9.0.1.Final\modules
	jboss.modules.system.pkgs = org.jboss.byteman
	jboss.node.name = desktop-oi2q7gv
	jboss.qualified.host.name = desktop-oi2q7gv
	jboss.server.base.dir = C:\WildFly\wildfly-9.0.1.Final\standalone
	jboss.server.config.dir = C:\WildFly\wildfly-9.0.1.Final\standalone\configuration
	jboss.server.data.dir = C:\WildFly\wildfly-9.0.1.Final\standalone\data
	jboss.server.deploy.dir = C:\WildFly\wildfly-9.0.1.Final\standalone\data\content
	jboss.server.log.dir = C:\WildFly\wildfly-9.0.1.Final\standalone\log
	jboss.server.name = desktop-oi2q7gv
	jboss.server.persist.config = true
	jboss.server.temp.dir = C:\WildFly\wildfly-9.0.1.Final\standalone\tmp
	line.separator = 

	logging.configuration = file:/C:/WildFly/wildfly-9.0.1.Final/standalone/configuration/logging.properties
	module.path = C:/WildFly/wildfly-9.0.1.Final/modules
	org.jboss.boot.log.file = C:/WildFly/wildfly-9.0.1.Final/standalone/log/boot.log
	org.jboss.logmanager.nocolor = true
	org.jboss.resolver.warning = true
	org.xml.sax.driver = __redirected.__XMLReaderFactory
	os.arch = amd64
	os.name = Windows 10
	os.version = 10.0
	path.separator = ;
	program.name = JBossTools: WildFly  9.x
	sun.arch.data.model = 64
	sun.boot.class.path = C:\Program Files\Java\jre1.8.0_101\lib\resources.jar;C:\Program Files\Java\jre1.8.0_101\lib\rt.jar;C:\Program Files\Java\jre1.8.0_101\lib\sunrsasign.jar;C:\Program Files\Java\jre1.8.0_101\lib\jsse.jar;C:\Program Files\Java\jre1.8.0_101\lib\jce.jar;C:\Program Files\Java\jre1.8.0_101\lib\charsets.jar;C:\Program Files\Java\jre1.8.0_101\lib\jfr.jar;C:\Program Files\Java\jre1.8.0_101\classes
	sun.boot.library.path = C:\Program Files\Java\jre1.8.0_101\bin
	sun.cpu.endian = little
	sun.cpu.isalist = amd64
	sun.desktop = windows
	sun.io.unicode.encoding = UnicodeLittle
	sun.java.command = org.jboss.modules.Main -mp C:/WildFly/wildfly-9.0.1.Final/modules -jaxpmodule javax.xml.jaxp-provider -jaxpmodule javax.xml.jaxp-provider org.jboss.as.standalone -b localhost --server-config=standalone.xml -Djboss.server.base.dir=C:\WildFly\wildfly-9.0.1.Final\standalone
	sun.java.launcher = SUN_STANDARD
	sun.jnu.encoding = Cp1252
	sun.management.compiler = HotSpot 64-Bit Tiered Compilers
	sun.os.patch.level = 
	sun.rmi.dgc.client.gcInterval = 3600000
	sun.rmi.dgc.server.gcInterval = 3600000
	user.country = GB
	user.country.format = AR
	user.dir = C:\WildFly\wildfly-9.0.1.Final\bin
	user.home = C:\Users\Martin
	user.language = en
	user.language.format = es
	user.name = Martin
	user.script = 
	user.timezone = America/Buenos_Aires
	user.variant = 
2017-10-30 19:07:11,142 DEBUG [org.jboss.as.config] (MSC service thread 1-6) VM Arguments: -Dprogram.name=JBossTools: WildFly  9.x -Xms64m -Xmx512m -XX:MaxPermSize=256m -Dorg.jboss.resolver.warning=true -Djava.net.preferIPv4Stack=true -Dsun.rmi.dgc.client.gcInterval=3600000 -Dsun.rmi.dgc.server.gcInterval=3600000 -Djboss.modules.system.pkgs=org.jboss.byteman -Djava.awt.headless=true -Dorg.jboss.boot.log.file=C:/WildFly/wildfly-9.0.1.Final/standalone/log/boot.log -Dlogging.configuration=file:/C:/WildFly/wildfly-9.0.1.Final/standalone/configuration/logging.properties -Djboss.home.dir=C:/WildFly/wildfly-9.0.1.Final -Dorg.jboss.logmanager.nocolor=true -Djboss.bind.address.management=localhost -Dfile.encoding=Cp1252 
2017-10-30 19:07:12,380 INFO  [org.jboss.as.controller.management-deprecated] (ServerService Thread Pool -- 21) WFLYCTL0028: Attribute 'job-repository-type' in the resource at address '/subsystem=batch' is deprecated, and may be removed in future version. See the attribute description in the output of the read-resource-description operation to learn more about the deprecation.
2017-10-30 19:07:12,390 INFO  [org.jboss.as.controller.management-deprecated] (ServerService Thread Pool -- 3) WFLYCTL0028: Attribute 'enabled' in the resource at address '/subsystem=datasources/data-source=ExampleDS' is deprecated, and may be removed in future version. See the attribute description in the output of the read-resource-description operation to learn more about the deprecation.
2017-10-30 19:07:12,429 INFO  [org.jboss.as.server.deployment.scanner] (DeploymentScanner-threads - 1) WFLYDS0004: Found serverEAR.ear in deployment directory. To trigger deployment create a file called serverEAR.ear.dodeploy
2017-10-30 19:07:12,451 INFO  [org.jboss.as.server] (Controller Boot Thread) WFLYSRV0039: Creating http management service using socket-binding (management-http)
2017-10-30 19:07:12,471 INFO  [org.xnio] (MSC service thread 1-1) XNIO version 3.3.1.Final
2017-10-30 19:07:12,482 INFO  [org.xnio.nio] (MSC service thread 1-1) XNIO NIO Implementation Version 3.3.1.Final
2017-10-30 19:07:12,610 INFO  [org.jboss.as.connector.subsystems.datasources] (ServerService Thread Pool -- 33) WFLYJCA0004: Deploying JDBC-compliant driver class org.h2.Driver (version 1.3)
2017-10-30 19:07:12,635 INFO  [org.wildfly.extension.io] (ServerService Thread Pool -- 37) WFLYIO001: Worker 'default' has auto-configured to 8 core threads with 64 task threads based on your 4 available processors
2017-10-30 19:07:12,643 INFO  [org.jboss.as.clustering.infinispan] (ServerService Thread Pool -- 38) WFLYCLINF0001: Activating Infinispan subsystem.
2017-10-30 19:07:12,692 INFO  [org.jboss.as.connector] (MSC service thread 1-3) WFLYJCA0009: Starting JCA Subsystem (IronJacamar 1.2.4.Final)
2017-10-30 19:07:12,699 INFO  [org.jboss.as.connector.deployers.jdbc] (MSC service thread 1-2) WFLYJCA0018: Started Driver service with driver-name = h2
2017-10-30 19:07:12,757 INFO  [org.jboss.as.jsf] (ServerService Thread Pool -- 44) WFLYJSF0007: Activated the following JSF Implementations: [main]
2017-10-30 19:07:12,814 INFO  [org.jboss.as.naming] (ServerService Thread Pool -- 46) WFLYNAM0001: Activating Naming Subsystem
2017-10-30 19:07:12,816 INFO  [org.jboss.as.webservices] (ServerService Thread Pool -- 56) WFLYWS0002: Activating WebServices Extension
2017-10-30 19:07:12,811 WARN  [org.jboss.as.txn] (ServerService Thread Pool -- 54) WFLYTX0013: Node identifier property is set to the default value. Please make sure it is unique.
2017-10-30 19:07:12,859 INFO  [org.jboss.as.security] (ServerService Thread Pool -- 53) WFLYSEC0002: Activating Security Subsystem
2017-10-30 19:07:12,873 INFO  [org.jboss.as.security] (MSC service thread 1-7) WFLYSEC0001: Current PicketBox version=4.9.2.Final
2017-10-30 19:07:12,921 INFO  [org.jboss.as.mail.extension] (MSC service thread 1-8) WFLYMAIL0001: Bound mail session [java:jboss/mail/Default]
2017-10-30 19:07:12,921 INFO  [org.wildfly.extension.undertow] (MSC service thread 1-2) WFLYUT0003: Undertow 1.2.9.Final starting
2017-10-30 19:07:12,921 INFO  [org.jboss.as.naming] (MSC service thread 1-6) WFLYNAM0003: Starting Naming Service
2017-10-30 19:07:12,926 INFO  [org.wildfly.extension.undertow] (ServerService Thread Pool -- 55) WFLYUT0003: Undertow 1.2.9.Final starting
2017-10-30 19:07:13,174 INFO  [org.wildfly.extension.undertow] (ServerService Thread Pool -- 55) WFLYUT0014: Creating file handler for path C:\WildFly\wildfly-9.0.1.Final/welcome-content
2017-10-30 19:07:13,774 INFO  [org.jboss.as.server.deployment.scanner] (MSC service thread 1-8) WFLYDS0013: Started FileSystemDeploymentService for directory C:\WildFly\wildfly-9.0.1.Final\standalone\deployments
2017-10-30 19:07:13,780 INFO  [org.jboss.as.server.deployment] (MSC service thread 1-6) WFLYSRV0027: Starting deployment of "serverEAR.ear" (runtime-name: "serverEAR.ear")
2017-10-30 19:07:13,797 INFO  [org.wildfly.extension.undertow] (MSC service thread 1-3) WFLYUT0012: Started server default-server.
2017-10-30 19:07:13,805 INFO  [org.wildfly.extension.undertow] (MSC service thread 1-5) WFLYUT0018: Host default-host starting
2017-10-30 19:07:13,828 INFO  [org.wildfly.extension.undertow] (MSC service thread 1-3) WFLYUT0006: Undertow HTTP listener default listening on localhost/127.0.0.1:8080
2017-10-30 19:07:13,833 INFO  [org.jboss.remoting] (MSC service thread 1-1) JBoss Remoting version 4.0.9.Final
2017-10-30 19:07:13,933 INFO  [org.jboss.as.connector.subsystems.datasources] (MSC service thread 1-2) WFLYJCA0001: Bound data source [java:jboss/datasources/ExampleDS]
2017-10-30 19:07:13,959 INFO  [org.jboss.as.server.deployment] (MSC service thread 1-4) WFLYSRV0207: Starting subdeployment (runtime-name: "server.jar")
2017-10-30 19:07:14,183 INFO  [org.jboss.ws.common.management] (MSC service thread 1-3) JBWS022052: Starting JBoss Web Services - Stack CXF Server 5.0.0.Final
2017-10-30 19:07:14,369 INFO  [org.jboss.weld.deployer] (MSC service thread 1-4) WFLYWELD0003: Processing weld deployment serverEAR.ear
2017-10-30 19:07:14,497 INFO  [org.hibernate.validator.internal.util.Version] (MSC service thread 1-4) HV000001: Hibernate Validator 5.1.3.Final
2017-10-30 19:07:14,675 INFO  [org.jboss.weld.deployer] (MSC service thread 1-6) WFLYWELD0003: Processing weld deployment server.jar
2017-10-30 19:07:14,724 INFO  [org.jboss.as.ejb3.deployment.processors.EjbJndiBindingsDeploymentUnitProcessor] (MSC service thread 1-6) JNDI bindings for session bean named MiBean in deployment unit subdeployment "server.jar" of deployment "serverEAR.ear" are as follows:

	java:global/serverEAR/server/MiBean!com.example.MiBeanRemote
	java:app/server/MiBean!com.example.MiBeanRemote
	java:module/MiBean!com.example.MiBeanRemote
	java:jboss/exported/serverEAR/server/MiBean!com.example.MiBeanRemote
	java:global/serverEAR/server/MiBean!com.example.MiBeanLocal
	java:app/server/MiBean!com.example.MiBeanLocal
	java:module/MiBean!com.example.MiBeanLocal
	java:global/serverEAR/server/MiBean!com.example.MiBean
	java:app/server/MiBean!com.example.MiBean
	java:module/MiBean!com.example.MiBean

2017-10-30 19:07:14,742 INFO  [org.jboss.weld.deployer] (MSC service thread 1-6) WFLYWELD0006: Starting Services for CDI deployment: serverEAR.ear
2017-10-30 19:07:14,773 INFO  [org.jboss.weld.Version] (MSC service thread 1-6) WELD-000900: 2.2.14 (Final)
2017-10-30 19:07:14,803 INFO  [org.jboss.weld.deployer] (MSC service thread 1-2) WFLYWELD0009: Starting weld service for deployment serverEAR.ear
2017-10-30 19:07:15,873 INFO  [org.jboss.as.server] (ServerService Thread Pool -- 34) WFLYSRV0010: Deployed "serverEAR.ear" (runtime-name : "serverEAR.ear")
2017-10-30 19:07:16,008 INFO  [org.jboss.as] (Controller Boot Thread) WFLYSRV0060: Http management interface listening on http://127.0.0.1:9990/management
2017-10-30 19:07:16,009 INFO  [org.jboss.as] (Controller Boot Thread) WFLYSRV0051: Admin console listening on http://127.0.0.1:9990
2017-10-30 19:07:16,009 INFO  [org.jboss.as] (Controller Boot Thread) WFLYSRV0025: WildFly Full 9.0.1.Final (WildFly Core 1.0.1.Final) started in 5455ms - Started 333 of 512 services (228 services are lazy, passive or on-demand)
2017-10-30 19:47:02,075 INFO  [org.jboss.modules] (main) JBoss Modules version 1.4.3.Final
2017-10-30 19:47:03,690 INFO  [org.jboss.msc] (main) JBoss MSC version 1.2.6.Final
2017-10-30 19:47:03,760 INFO  [org.jboss.as] (MSC service thread 1-7) WFLYSRV0049: WildFly Full 9.0.1.Final (WildFly Core 1.0.1.Final) starting
2017-10-30 19:47:03,761 DEBUG [org.jboss.as.config] (MSC service thread 1-7) Configured system properties:
	awt.toolkit = sun.awt.windows.WToolkit
	file.encoding = Cp1252
	file.encoding.pkg = sun.io
	file.separator = \
	java.awt.graphicsenv = sun.awt.Win32GraphicsEnvironment
	java.awt.headless = true
	java.awt.printerjob = sun.awt.windows.WPrinterJob
	java.class.path = C:\WildFly\wildfly-9.0.1.Final\jboss-modules.jar
	java.class.version = 52.0
	java.endorsed.dirs = C:\Program Files\Java\jre1.8.0_101\lib\endorsed
	java.ext.dirs = C:\Program Files\Java\jre1.8.0_101\lib\ext;C:\WINDOWS\Sun\Java\lib\ext
	java.home = C:\Program Files\Java\jre1.8.0_101
	java.io.tmpdir = C:\Users\Martin\AppData\Local\Temp\
	java.library.path = C:\Program Files\Java\jre1.8.0_101\bin;C:\WINDOWS\Sun\Java\bin;C:\WINDOWS\system32;C:\WINDOWS;native;C:/Program Files/Java/jre1.8.0_101/bin/server;C:/Program Files/Java/jre1.8.0_101/bin;C:/Program Files/Java/jre1.8.0_101/lib/amd64;C:\ProgramData\Oracle\Java\javapath;C:\Program Files (x86)\Intel\iCLS Client\;C:\Program Files\Intel\iCLS Client\;C:\WINDOWS\system32;C:\WINDOWS;C:\WINDOWS\System32\Wbem;C:\WINDOWS\System32\WindowsPowerShell\v1.0\;C:\Program Files (x86)\Intel\Intel(R) Management Engine Components\DAL;C:\Program Files\Intel\Intel(R) Management Engine Components\DAL;C:\Program Files (x86)\Intel\Intel(R) Management Engine Components\IPT;C:\Program Files\Intel\Intel(R) Management Engine Components\IPT;C:\Program Files\Java\jdk1.8.0_101\bin;C:\Program Files\Microsoft SQL Server\110\DTS\Binn\;C:\Program Files (x86)\Microsoft SQL Server\110\Tools\Binn\;C:\Program Files\Microsoft SQL Server\110\Tools\Binn\;C:\Program Files (x86)\Microsoft SQL Server\110\Tools\Binn\ManagementStudio\;C:\Program Files (x86)\Microsoft Visual Studio 10.0\Common7\IDE\PrivateAssemblies\;C:\Program Files (x86)\Microsoft SQL Server\110\DTS\Binn\;C:\Users\Martin\AppData\Local\Microsoft\WindowsApps;;C:\eclipse;;.
	java.net.preferIPv4Stack = true
	java.runtime.name = Java(TM) SE Runtime Environment
	java.runtime.version = 1.8.0_101-b13
	java.specification.name = Java Platform API Specification
	java.specification.vendor = Oracle Corporation
	java.specification.version = 1.8
	java.util.logging.manager = org.jboss.logmanager.LogManager
	java.vendor = Oracle Corporation
	java.vendor.url = http://java.oracle.com/
	java.vendor.url.bug = http://bugreport.sun.com/bugreport/
	java.version = 1.8.0_101
	java.vm.info = mixed mode
	java.vm.name = Java HotSpot(TM) 64-Bit Server VM
	java.vm.specification.name = Java Virtual Machine Specification
	java.vm.specification.vendor = Oracle Corporation
	java.vm.specification.version = 1.8
	java.vm.vendor = Oracle Corporation
	java.vm.version = 25.101-b13
	javax.management.builder.initial = org.jboss.as.jmx.PluggableMBeanServerBuilder
	javax.xml.datatype.DatatypeFactory = __redirected.__DatatypeFactory
	javax.xml.parsers.DocumentBuilderFactory = __redirected.__DocumentBuilderFactory
	javax.xml.parsers.SAXParserFactory = __redirected.__SAXParserFactory
	javax.xml.stream.XMLEventFactory = __redirected.__XMLEventFactory
	javax.xml.stream.XMLInputFactory = __redirected.__XMLInputFactory
	javax.xml.stream.XMLOutputFactory = __redirected.__XMLOutputFactory
	javax.xml.transform.TransformerFactory = __redirected.__TransformerFactory
	javax.xml.validation.SchemaFactory:http://www.w3.org/2001/XMLSchema = __redirected.__SchemaFactory
	javax.xml.xpath.XPathFactory:http://java.sun.com/jaxp/xpath/dom = __redirected.__XPathFactory
	jboss.bind.address = localhost
	jboss.bind.address.management = localhost
	jboss.home.dir = C:\WildFly\wildfly-9.0.1.Final
	jboss.host.name = desktop-oi2q7gv
	jboss.modules.dir = C:\WildFly\wildfly-9.0.1.Final\modules
	jboss.modules.system.pkgs = org.jboss.byteman
	jboss.node.name = desktop-oi2q7gv
	jboss.qualified.host.name = desktop-oi2q7gv
	jboss.server.base.dir = C:\WildFly\wildfly-9.0.1.Final\standalone
	jboss.server.config.dir = C:\WildFly\wildfly-9.0.1.Final\standalone\configuration
	jboss.server.data.dir = C:\WildFly\wildfly-9.0.1.Final\standalone\data
	jboss.server.deploy.dir = C:\WildFly\wildfly-9.0.1.Final\standalone\data\content
	jboss.server.log.dir = C:\WildFly\wildfly-9.0.1.Final\standalone\log
	jboss.server.name = desktop-oi2q7gv
	jboss.server.persist.config = true
	jboss.server.temp.dir = C:\WildFly\wildfly-9.0.1.Final\standalone\tmp
	line.separator = 

	logging.configuration = file:/C:/WildFly/wildfly-9.0.1.Final/standalone/configuration/logging.properties
	module.path = C:/WildFly/wildfly-9.0.1.Final/modules
	org.jboss.boot.log.file = C:/WildFly/wildfly-9.0.1.Final/standalone/log/boot.log
	org.jboss.logmanager.nocolor = true
	org.jboss.resolver.warning = true
	org.xml.sax.driver = __redirected.__XMLReaderFactory
	os.arch = amd64
	os.name = Windows 10
	os.version = 10.0
	path.separator = ;
	program.name = JBossTools: WildFly  9.x
	sun.arch.data.model = 64
	sun.boot.class.path = C:\Program Files\Java\jre1.8.0_101\lib\resources.jar;C:\Program Files\Java\jre1.8.0_101\lib\rt.jar;C:\Program Files\Java\jre1.8.0_101\lib\sunrsasign.jar;C:\Program Files\Java\jre1.8.0_101\lib\jsse.jar;C:\Program Files\Java\jre1.8.0_101\lib\jce.jar;C:\Program Files\Java\jre1.8.0_101\lib\charsets.jar;C:\Program Files\Java\jre1.8.0_101\lib\jfr.jar;C:\Program Files\Java\jre1.8.0_101\classes
	sun.boot.library.path = C:\Program Files\Java\jre1.8.0_101\bin
	sun.cpu.endian = little
	sun.cpu.isalist = amd64
	sun.desktop = windows
	sun.io.unicode.encoding = UnicodeLittle
	sun.java.command = org.jboss.modules.Main -mp C:/WildFly/wildfly-9.0.1.Final/modules -jaxpmodule javax.xml.jaxp-provider -jaxpmodule javax.xml.jaxp-provider org.jboss.as.standalone -b localhost --server-config=standalone.xml -Djboss.server.base.dir=C:\WildFly\wildfly-9.0.1.Final\standalone
	sun.java.launcher = SUN_STANDARD
	sun.jnu.encoding = Cp1252
	sun.management.compiler = HotSpot 64-Bit Tiered Compilers
	sun.os.patch.level = 
	sun.rmi.dgc.client.gcInterval = 3600000
	sun.rmi.dgc.server.gcInterval = 3600000
	user.country = GB
	user.country.format = AR
	user.dir = C:\WildFly\wildfly-9.0.1.Final\bin
	user.home = C:\Users\Martin
	user.language = en
	user.language.format = es
	user.name = Martin
	user.script = 
	user.timezone = America/Buenos_Aires
	user.variant = 
2017-10-30 19:47:03,763 DEBUG [org.jboss.as.config] (MSC service thread 1-7) VM Arguments: -Dprogram.name=JBossTools: WildFly  9.x -Xms64m -Xmx512m -XX:MaxPermSize=256m -Dorg.jboss.resolver.warning=true -Djava.net.preferIPv4Stack=true -Dsun.rmi.dgc.client.gcInterval=3600000 -Dsun.rmi.dgc.server.gcInterval=3600000 -Djboss.modules.system.pkgs=org.jboss.byteman -Djava.awt.headless=true -Dorg.jboss.boot.log.file=C:/WildFly/wildfly-9.0.1.Final/standalone/log/boot.log -Dlogging.configuration=file:/C:/WildFly/wildfly-9.0.1.Final/standalone/configuration/logging.properties -Djboss.home.dir=C:/WildFly/wildfly-9.0.1.Final -Dorg.jboss.logmanager.nocolor=true -Djboss.bind.address.management=localhost -Dfile.encoding=Cp1252 
2017-10-30 19:47:11,678 INFO  [org.jboss.as.controller.management-deprecated] (ServerService Thread Pool -- 13) WFLYCTL0028: Attribute 'job-repository-type' in the resource at address '/subsystem=batch' is deprecated, and may be removed in future version. See the attribute description in the output of the read-resource-description operation to learn more about the deprecation.
2017-10-30 19:47:11,716 INFO  [org.jboss.as.controller.management-deprecated] (ServerService Thread Pool -- 25) WFLYCTL0028: Attribute 'enabled' in the resource at address '/subsystem=datasources/data-source=ExampleDS' is deprecated, and may be removed in future version. See the attribute description in the output of the read-resource-description operation to learn more about the deprecation.
2017-10-30 19:47:11,754 INFO  [org.jboss.as.server.deployment.scanner] (DeploymentScanner-threads - 1) WFLYDS0004: Found TPO_Grupo12_EAR.ear in deployment directory. To trigger deployment create a file called TPO_Grupo12_EAR.ear.dodeploy
2017-10-30 19:47:11,754 INFO  [org.jboss.as.server.deployment.scanner] (DeploymentScanner-threads - 1) WFLYDS0004: Found serverEAR.ear in deployment directory. To trigger deployment create a file called serverEAR.ear.dodeploy
2017-10-30 19:47:11,795 INFO  [org.jboss.as.server] (Controller Boot Thread) WFLYSRV0039: Creating http management service using socket-binding (management-http)
2017-10-30 19:47:11,819 INFO  [org.xnio] (MSC service thread 1-4) XNIO version 3.3.1.Final
2017-10-30 19:47:11,830 INFO  [org.xnio.nio] (MSC service thread 1-4) XNIO NIO Implementation Version 3.3.1.Final
2017-10-30 19:47:11,887 WARN  [org.jboss.as.txn] (ServerService Thread Pool -- 54) WFLYTX0013: Node identifier property is set to the default value. Please make sure it is unique.
2017-10-30 19:47:11,897 INFO  [org.jboss.as.security] (ServerService Thread Pool -- 53) WFLYSEC0002: Activating Security Subsystem
2017-10-30 19:47:11,901 INFO  [org.jboss.as.webservices] (ServerService Thread Pool -- 56) WFLYWS0002: Activating WebServices Extension
2017-10-30 19:47:11,901 INFO  [org.jboss.as.naming] (ServerService Thread Pool -- 46) WFLYNAM0001: Activating Naming Subsystem
2017-10-30 19:47:11,911 INFO  [org.jboss.as.clustering.infinispan] (ServerService Thread Pool -- 38) WFLYCLINF0001: Activating Infinispan subsystem.
2017-10-30 19:47:11,916 INFO  [org.jboss.as.security] (MSC service thread 1-6) WFLYSEC0001: Current PicketBox version=4.9.2.Final
2017-10-30 19:47:11,951 INFO  [org.jboss.as.jsf] (ServerService Thread Pool -- 44) WFLYJSF0007: Activated the following JSF Implementations: [main]
2017-10-30 19:47:12,001 INFO  [org.wildfly.extension.io] (ServerService Thread Pool -- 37) WFLYIO001: Worker 'default' has auto-configured to 8 core threads with 64 task threads based on your 4 available processors
2017-10-30 19:47:12,039 INFO  [org.wildfly.extension.undertow] (MSC service thread 1-3) WFLYUT0003: Undertow 1.2.9.Final starting
2017-10-30 19:47:12,044 INFO  [org.wildfly.extension.undertow] (ServerService Thread Pool -- 55) WFLYUT0003: Undertow 1.2.9.Final starting
2017-10-30 19:47:12,066 INFO  [org.jboss.as.connector] (MSC service thread 1-3) WFLYJCA0009: Starting JCA Subsystem (IronJacamar 1.2.4.Final)
2017-10-30 19:47:12,085 INFO  [org.jboss.as.naming] (MSC service thread 1-6) WFLYNAM0003: Starting Naming Service
2017-10-30 19:47:12,088 INFO  [org.jboss.as.mail.extension] (MSC service thread 1-6) WFLYMAIL0001: Bound mail session [java:jboss/mail/Default]
2017-10-30 19:47:12,227 INFO  [org.jboss.as.connector.subsystems.datasources] (ServerService Thread Pool -- 33) WFLYJCA0004: Deploying JDBC-compliant driver class org.h2.Driver (version 1.3)
2017-10-30 19:47:12,237 INFO  [org.jboss.as.connector.deployers.jdbc] (MSC service thread 1-6) WFLYJCA0018: Started Driver service with driver-name = h2
2017-10-30 19:47:12,808 INFO  [org.wildfly.extension.undertow] (ServerService Thread Pool -- 55) WFLYUT0014: Creating file handler for path C:\WildFly\wildfly-9.0.1.Final/welcome-content
2017-10-30 19:47:13,330 INFO  [org.jboss.as.server.deployment.scanner] (MSC service thread 1-1) WFLYDS0013: Started FileSystemDeploymentService for directory C:\WildFly\wildfly-9.0.1.Final\standalone\deployments
2017-10-30 19:47:13,335 INFO  [org.wildfly.extension.undertow] (MSC service thread 1-6) WFLYUT0012: Started server default-server.
2017-10-30 19:47:13,335 INFO  [org.jboss.remoting] (MSC service thread 1-4) JBoss Remoting version 4.0.9.Final
2017-10-30 19:47:13,342 INFO  [org.jboss.as.server.deployment] (MSC service thread 1-7) WFLYSRV0027: Starting deployment of "serverEAR.ear" (runtime-name: "serverEAR.ear")
2017-10-30 19:47:13,343 INFO  [org.jboss.as.server.deployment] (MSC service thread 1-3) WFLYSRV0027: Starting deployment of "TPO_Grupo12_EAR.ear" (runtime-name: "TPO_Grupo12_EAR.ear")
2017-10-30 19:47:13,358 INFO  [org.wildfly.extension.undertow] (MSC service thread 1-5) WFLYUT0018: Host default-host starting
2017-10-30 19:47:13,444 INFO  [org.wildfly.extension.undertow] (MSC service thread 1-6) WFLYUT0006: Undertow HTTP listener default listening on localhost/127.0.0.1:8080
2017-10-30 19:47:13,519 INFO  [org.jboss.as.connector.subsystems.datasources] (MSC service thread 1-2) WFLYJCA0001: Bound data source [java:jboss/datasources/ExampleDS]
2017-10-30 19:47:13,624 INFO  [org.jboss.as.server.deployment] (MSC service thread 1-7) WFLYSRV0207: Starting subdeployment (runtime-name: "server.jar")
2017-10-30 19:47:13,991 INFO  [org.jboss.ws.common.management] (MSC service thread 1-6) JBWS022052: Starting JBoss Web Services - Stack CXF Server 5.0.0.Final
2017-10-30 19:47:15,005 INFO  [org.jboss.as.server.deployment] (MSC service thread 1-5) WFLYSRV0207: Starting subdeployment (runtime-name: "TPO_Grupo12_EJB.jar")
2017-10-30 19:47:15,006 INFO  [org.jboss.as.server.deployment] (MSC service thread 1-1) WFLYSRV0207: Starting subdeployment (runtime-name: "TPO_Grupo12_Cliente.war")
2017-10-30 19:47:15,075 INFO  [org.jboss.as.jpa] (MSC service thread 1-6) WFLYJPA0002: Read persistence.xml for moduloHoteles
2017-10-30 19:47:15,238 INFO  [org.jboss.weld.deployer] (MSC service thread 1-6) WFLYWELD0003: Processing weld deployment serverEAR.ear
2017-10-30 19:47:15,257 INFO  [org.jboss.weld.deployer] (MSC service thread 1-5) WFLYWELD0003: Processing weld deployment TPO_Grupo12_EAR.ear
2017-10-30 19:47:15,781 INFO  [org.hibernate.validator.internal.util.Version] (MSC service thread 1-6) HV000001: Hibernate Validator 5.1.3.Final
2017-10-30 19:47:16,233 INFO  [org.jboss.weld.deployer] (MSC service thread 1-6) WFLYWELD0003: Processing weld deployment server.jar
2017-10-30 19:47:16,242 INFO  [org.jboss.as.ejb3.deployment.processors.EjbJndiBindingsDeploymentUnitProcessor] (MSC service thread 1-6) JNDI bindings for session bean named MiBean in deployment unit subdeployment "server.jar" of deployment "serverEAR.ear" are as follows:

	java:global/serverEAR/server/MiBean!com.example.MiBean
	java:app/server/MiBean!com.example.MiBean
	java:module/MiBean!com.example.MiBean
	java:global/serverEAR/server/MiBean!com.example.MiBeanRemote
	java:app/server/MiBean!com.example.MiBeanRemote
	java:module/MiBean!com.example.MiBeanRemote
	java:jboss/exported/serverEAR/server/MiBean!com.example.MiBeanRemote
	java:global/serverEAR/server/MiBean!com.example.MiBeanLocal
	java:app/server/MiBean!com.example.MiBeanLocal
	java:module/MiBean!com.example.MiBeanLocal

2017-10-30 19:47:16,265 INFO  [org.jboss.weld.deployer] (MSC service thread 1-3) WFLYWELD0006: Starting Services for CDI deployment: serverEAR.ear
2017-10-30 19:47:16,290 INFO  [org.jboss.weld.deployer] (MSC service thread 1-6) WFLYWELD0003: Processing weld deployment TPO_Grupo12_EJB.jar
2017-10-30 19:47:16,295 INFO  [org.jboss.as.ejb3.deployment.processors.EjbJndiBindingsDeploymentUnitProcessor] (MSC service thread 1-6) JNDI bindings for session bean named Controlador in deployment unit subdeployment "TPO_Grupo12_EJB.jar" of deployment "TPO_Grupo12_EAR.ear" are as follows:

	java:global/TPO_Grupo12_EAR/TPO_Grupo12_EJB/Controlador!controlador.ControladorRemote
	java:app/TPO_Grupo12_EJB/Controlador!controlador.ControladorRemote
	java:module/Controlador!controlador.ControladorRemote
	java:jboss/exported/TPO_Grupo12_EAR/TPO_Grupo12_EJB/Controlador!controlador.ControladorRemote
	java:global/TPO_Grupo12_EAR/TPO_Grupo12_EJB/Controlador
	java:app/TPO_Grupo12_EJB/Controlador
	java:module/Controlador

2017-10-30 19:47:16,296 INFO  [org.jboss.as.ejb3.deployment.processors.EjbJndiBindingsDeploymentUnitProcessor] (MSC service thread 1-6) JNDI bindings for session bean named HibernateDAO in deployment unit subdeployment "TPO_Grupo12_EJB.jar" of deployment "TPO_Grupo12_EAR.ear" are as follows:

	java:global/TPO_Grupo12_EAR/TPO_Grupo12_EJB/HibernateDAO!hibernate.HibernateDAOLocal
	java:app/TPO_Grupo12_EJB/HibernateDAO!hibernate.HibernateDAOLocal
	java:module/HibernateDAO!hibernate.HibernateDAOLocal
	java:global/TPO_Grupo12_EAR/TPO_Grupo12_EJB/HibernateDAO
	java:app/TPO_Grupo12_EJB/HibernateDAO
	java:module/HibernateDAO

2017-10-30 19:47:16,344 INFO  [org.jboss.weld.deployer] (MSC service thread 1-5) WFLYWELD0003: Processing weld deployment TPO_Grupo12_Cliente.war
2017-10-30 19:47:16,353 INFO  [org.jboss.as.ejb3.deployment.processors.EjbJndiBindingsDeploymentUnitProcessor] (MSC service thread 1-5) JNDI bindings for session bean named HotelControladorBS in deployment unit subdeployment "TPO_Grupo12_Cliente.war" of deployment "TPO_Grupo12_EAR.ear" are as follows:

	java:global/TPO_Grupo12_EAR/TPO_Grupo12_Cliente/HotelControladorBS!controllers.HotelControladorBS
	java:app/TPO_Grupo12_Cliente/HotelControladorBS!controllers.HotelControladorBS
	java:module/HotelControladorBS!controllers.HotelControladorBS
	java:global/TPO_Grupo12_EAR/TPO_Grupo12_Cliente/HotelControladorBS
	java:app/TPO_Grupo12_Cliente/HotelControladorBS
	java:module/HotelControladorBS

2017-10-30 19:47:16,364 INFO  [org.jboss.weld.Version] (MSC service thread 1-3) WELD-000900: 2.2.14 (Final)
2017-10-30 19:47:16,395 INFO  [org.jboss.weld.deployer] (MSC service thread 1-3) WFLYWELD0009: Starting weld service for deployment serverEAR.ear
2017-10-30 19:47:16,414 INFO  [org.jboss.weld.deployer] (MSC service thread 1-5) WFLYWELD0006: Starting Services for CDI deployment: TPO_Grupo12_EAR.ear
2017-10-30 19:47:16,490 INFO  [org.jboss.weld.deployer] (MSC service thread 1-8) WFLYWELD0009: Starting weld service for deployment TPO_Grupo12_EAR.ear
2017-10-30 19:47:17,313 ERROR [org.jboss.as.controller.management-operation] (Controller Boot Thread) WFLYCTL0013: Operation ("deploy") failed - address: ([("deployment" => "TPO_Grupo12_EAR.ear")]) - failure description: {"WFLYCTL0180: Services with missing/unavailable dependencies" => [
    "jboss.persistenceunit.\"TPO_Grupo12_EAR.ear/TPO_Grupo12_EJB.jar#moduloHoteles\".__FIRST_PHASE__ is missing [jboss.naming.context.java.jboss.SQLSERVERDS]",
    "jboss.persistenceunit.\"TPO_Grupo12_EAR.ear/TPO_Grupo12_EJB.jar#moduloHoteles\" is missing [jboss.naming.context.java.jboss.SQLSERVERDS]"
]}
2017-10-30 19:47:17,383 INFO  [org.jboss.as.server] (ServerService Thread Pool -- 34) WFLYSRV0010: Deployed "TPO_Grupo12_EAR.ear" (runtime-name : "TPO_Grupo12_EAR.ear")
2017-10-30 19:47:17,384 INFO  [org.jboss.as.server] (ServerService Thread Pool -- 34) WFLYSRV0010: Deployed "serverEAR.ear" (runtime-name : "serverEAR.ear")
2017-10-30 19:47:17,385 INFO  [org.jboss.as.controller] (Controller Boot Thread) WFLYCTL0183: Service status report
WFLYCTL0184:    New missing/unsatisfied dependencies:
      service jboss.naming.context.java.jboss.SQLSERVERDS (missing) dependents: [service jboss.persistenceunit."TPO_Grupo12_EAR.ear/TPO_Grupo12_EJB.jar#moduloHoteles", service jboss.persistenceunit."TPO_Grupo12_EAR.ear/TPO_Grupo12_EJB.jar#moduloHoteles".__FIRST_PHASE__] 

2017-10-30 19:47:17,567 INFO  [org.jboss.as] (Controller Boot Thread) WFLYSRV0060: Http management interface listening on http://127.0.0.1:9990/management
2017-10-30 19:47:17,568 INFO  [org.jboss.as] (Controller Boot Thread) WFLYSRV0051: Admin console listening on http://127.0.0.1:9990
2017-10-30 19:47:17,568 ERROR [org.jboss.as] (Controller Boot Thread) WFLYSRV0026: WildFly Full 9.0.1.Final (WildFly Core 1.0.1.Final) started (with errors) in 15946ms - Started 545 of 781 services (39 services failed or missing dependencies, 255 services are lazy, passive or on-demand)
2017-10-30 19:47:17,610 INFO  [org.jboss.weld.deployer] (MSC service thread 1-7) WFLYWELD0010: Stopping weld service for deployment TPO_Grupo12_EAR.ear
2017-10-30 19:47:17,635 INFO  [org.jboss.as.server.deployment] (MSC service thread 1-1) WFLYSRV0208: Stopped subdeployment (runtime-name: TPO_Grupo12_EJB.jar) in 39ms
2017-10-30 19:47:17,636 INFO  [org.jboss.as.server.deployment] (MSC service thread 1-4) WFLYSRV0208: Stopped subdeployment (runtime-name: TPO_Grupo12_Cliente.war) in 40ms
2017-10-30 19:47:17,645 INFO  [org.jboss.as.server.deployment] (MSC service thread 1-2) WFLYSRV0028: Stopped deployment TPO_Grupo12_EAR.ear (runtime-name: TPO_Grupo12_EAR.ear) in 50ms
2017-10-30 19:47:17,699 INFO  [org.jboss.as.server] (DeploymentScanner-threads - 1) WFLYSRV0009: Undeployed "TPO_Grupo12_EAR.ear" (runtime-name: "TPO_Grupo12_EAR.ear")
2017-10-30 19:47:17,710 INFO  [org.jboss.as.controller] (DeploymentScanner-threads - 1) WFLYCTL0183: Service status report
WFLYCTL0184:    New missing/unsatisfied dependencies:
      service jboss.deployment.subunit."TPO_Grupo12_EAR.ear"."TPO_Grupo12_Cliente.war".component.HotelControladorBS.CREATE (missing) dependents: [service jboss.deployment.subunit."TPO_Grupo12_EAR.ear"."TPO_Grupo12_Cliente.war".component.HotelControladorBS.START] 
      service jboss.deployment.subunit."TPO_Grupo12_EAR.ear"."TPO_Grupo12_Cliente.war".component.HotelControladorBS.START (missing) dependents: [service jboss.undertow.deployment.default-server.default-host./TPO_Grupo12_Cliente.UndertowDeploymentInfoService, service jboss.deployment.subunit."TPO_Grupo12_EAR.ear"."TPO_Grupo12_Cliente.war".deploymentCompleteService, service jboss.deployment.subunit."TPO_Grupo12_EAR.ear"."TPO_Grupo12_Cliente.war".moduleDeploymentRuntimeInformationStart] 
      service jboss.deployment.subunit."TPO_Grupo12_EAR.ear"."TPO_Grupo12_Cliente.war".component.HotelControladorBS.WeldInterceptorBindingsService (missing) dependents: [service jboss.deployment.subunit."TPO_Grupo12_EAR.ear"."TPO_Grupo12_Cliente.war".component.HotelControladorBS.WeldInstantiator] 
      service jboss.deployment.subunit."TPO_Grupo12_EAR.ear"."TPO_Grupo12_Cliente.war".component.HotelControladorBS.ejb.non-functional-timerservice (missing) dependents: [service jboss.deployment.subunit."TPO_Grupo12_EAR.ear"."TPO_Grupo12_Cliente.war".component.HotelControladorBS.START] 
      service jboss.deployment.subunit."TPO_Grupo12_EAR.ear"."TPO_Grupo12_Cliente.war".component."com.sun.faces.config.ConfigureListener".START (missing) dependents: [service jboss.undertow.deployment.default-server.default-host./TPO_Grupo12_Cliente.UndertowDeploymentInfoService, service jboss.undertow.deployment.default-server.default-host./TPO_Grupo12_Cliente, service jboss.deployment.subunit."TPO_Grupo12_EAR.ear"."TPO_Grupo12_Cliente.war".deploymentCompleteService] 
      service jboss.deployment.subunit."TPO_Grupo12_EAR.ear"."TPO_Grupo12_Cliente.war".component."javax.faces.webapp.FacetTag".CREATE (missing) dependents: [service jboss.deployment.subunit."TPO_Grupo12_EAR.ear"."TPO_Grupo12_Cliente.war".component."javax.faces.webapp.FacetTag".START] 
      service jboss.deployment.subunit."TPO_Grupo12_EAR.ear"."TPO_Grupo12_Cliente.war".component."javax.faces.webapp.FacetTag".START (missing) dependents: [service jboss.undertow.deployment.default-server.default-host./TPO_Grupo12_Cliente.UndertowDeploymentInfoService, service jboss.deployment.subunit."TPO_Grupo12_EAR.ear"."TPO_Grupo12_Cliente.war".deploymentCompleteService] 
      service jboss.deployment.subunit."TPO_Grupo12_EAR.ear"."TPO_Grupo12_Cliente.war".component."javax.faces.webapp.FacetTag".WeldInstantiator (missing) dependents: [service jboss.deployment.subunit."TPO_Grupo12_EAR.ear"."TPO_Grupo12_Cliente.war".component."javax.faces.webapp.FacetTag".START] 
      service jboss.deployment.subunit."TPO_Grupo12_EAR.ear"."TPO_Grupo12_Cliente.war".component."javax.servlet.jsp.jstl.tlv.PermittedTaglibsTLV".CREATE (missing) dependents: [service jboss.deployment.subunit."TPO_Grupo12_EAR.ear"."TPO_Grupo12_Cliente.war".component."javax.servlet.jsp.jstl.tlv.PermittedTaglibsTLV".START] 
      service jboss.deployment.subunit."TPO_Grupo12_EAR.ear"."TPO_Grupo12_Cliente.war".component."javax.servlet.jsp.jstl.tlv.PermittedTaglibsTLV".START (missing) dependents: [service jboss.undertow.deployment.default-server.default-host./TPO_Grupo12_Cliente.UndertowDeploymentInfoService, service jboss.deployment.subunit."TPO_Grupo12_EAR.ear"."TPO_Grupo12_Cliente.war".deploymentCompleteService] 
      service jboss.deployment.subunit."TPO_Grupo12_EAR.ear"."TPO_Grupo12_Cliente.war".component."javax.servlet.jsp.jstl.tlv.PermittedTaglibsTLV".WeldInstantiator (missing) dependents: [service jboss.deployment.subunit."TPO_Grupo12_EAR.ear"."TPO_Grupo12_Cliente.war".component."javax.servlet.jsp.jstl.tlv.PermittedTaglibsTLV".START] 
      service jboss.deployment.subunit."TPO_Grupo12_EAR.ear"."TPO_Grupo12_Cliente.war".component."javax.servlet.jsp.jstl.tlv.ScriptFreeTLV".START (missing) dependents: [service jboss.undertow.deployment.default-server.default-host./TPO_Grupo12_Cliente.UndertowDeploymentInfoService, service jboss.undertow.deployment.default-server.default-host./TPO_Grupo12_Cliente, service jboss.deployment.subunit."TPO_Grupo12_EAR.ear"."TPO_Grupo12_Cliente.war".deploymentCompleteService] 
      service jboss.deployment.subunit."TPO_Grupo12_EAR.ear"."TPO_Grupo12_Cliente.war".component."org.jboss.weld.servlet.WeldInitialListener".CREATE (missing) dependents: [service jboss.deployment.subunit."TPO_Grupo12_EAR.ear"."TPO_Grupo12_Cliente.war".component."org.jboss.weld.servlet.WeldInitialListener".START] 
      service jboss.deployment.subunit."TPO_Grupo12_EAR.ear"."TPO_Grupo12_Cliente.war".component."org.jboss.weld.servlet.WeldInitialListener".START (missing) dependents: [service jboss.undertow.deployment.default-server.default-host./TPO_Grupo12_Cliente.UndertowDeploymentInfoService, service jboss.deployment.subunit."TPO_Grupo12_EAR.ear"."TPO_Grupo12_Cliente.war".deploymentCompleteService] 
      service jboss.deployment.subunit."TPO_Grupo12_EAR.ear"."TPO_Grupo12_Cliente.war".component."org.jboss.weld.servlet.WeldInitialListener".WeldInstantiator (missing) dependents: [service jboss.deployment.subunit."TPO_Grupo12_EAR.ear"."TPO_Grupo12_Cliente.war".component."org.jboss.weld.servlet.WeldInitialListener".START] 
      service jboss.deployment.subunit."TPO_Grupo12_EAR.ear"."TPO_Grupo12_Cliente.war".component."org.jboss.weld.servlet.WeldTerminalListener".CREATE (missing) dependents: [service jboss.deployment.subunit."TPO_Grupo12_EAR.ear"."TPO_Grupo12_Cliente.war".component."org.jboss.weld.servlet.WeldTerminalListener".START] 
      service jboss.deployment.subunit."TPO_Grupo12_EAR.ear"."TPO_Grupo12_Cliente.war".component."org.jboss.weld.servlet.WeldTerminalListener".WeldInstantiator (missing) dependents: [service jboss.deployment.subunit."TPO_Grupo12_EAR.ear"."TPO_Grupo12_Cliente.war".component."org.jboss.weld.servlet.WeldTerminalListener".START] 
      service jboss.deployment.subunit."TPO_Grupo12_EAR.ear"."TPO_Grupo12_Cliente.war".component."test.EnvioMensaje".CREATE (missing) dependents: [service jboss.deployment.subunit."TPO_Grupo12_EAR.ear"."TPO_Grupo12_Cliente.war".component."test.EnvioMensaje".START] 
      service jboss.deployment.subunit."TPO_Grupo12_EAR.ear"."TPO_Grupo12_Cliente.war".component."test.EnvioMensaje".START (missing) dependents: [service jboss.undertow.deployment.default-server.default-host./TPO_Grupo12_Cliente.UndertowDeploymentInfoService, service jboss.deployment.subunit."TPO_Grupo12_EAR.ear"."TPO_Grupo12_Cliente.war".deploymentCompleteService] 
      service jboss.deployment.subunit."TPO_Grupo12_EAR.ear"."TPO_Grupo12_Cliente.war".component."test.EnvioMensaje".WeldInstantiator (missing) dependents: [service jboss.deployment.subunit."TPO_Grupo12_EAR.ear"."TPO_Grupo12_Cliente.war".component."test.EnvioMensaje".START] 
      service jboss.deployment.subunit."TPO_Grupo12_EAR.ear"."TPO_Grupo12_Cliente.war".deploymentCompleteService (missing) dependents: [service jboss.deployment.unit."TPO_Grupo12_EAR.ear".deploymentCompleteService] 
      service jboss.deployment.subunit."TPO_Grupo12_EAR.ear"."TPO_Grupo12_Cliente.war".jndiDependencyService (missing) dependents: [service jboss.deployment.subunit."TPO_Grupo12_EAR.ear"."TPO_Grupo12_Cliente.war".component."javax.faces.webapp.FacetTag".START, service jboss.deployment.subunit."TPO_Grupo12_EAR.ear"."TPO_Grupo12_Cliente.war".component."org.jboss.weld.servlet.WeldInitialListener".START, service jboss.deployment.subunit."TPO_Grupo12_EAR.ear"."TPO_Grupo12_Cliente.war".component."org.jboss.weld.servlet.WeldTerminalListener".START, service jboss.deployment.subunit."TPO_Grupo12_EAR.ear"."TPO_Grupo12_Cliente.war".component."test.EnvioMensaje".START, WFLYCTL0208: ... and 3 more ] 
      service jboss.deployment.subunit."TPO_Grupo12_EAR.ear"."TPO_Grupo12_Cliente.war".moduleDeploymentRuntimeInformation (missing) dependents: [service jboss.deployment.subunit."TPO_Grupo12_EAR.ear"."TPO_Grupo12_Cliente.war".moduleDeploymentRuntimeInformationStart] 
      service jboss.deployment.subunit."TPO_Grupo12_EAR.ear"."TPO_Grupo12_EJB.jar".beanmanager (missing) dependents: [service jboss.persistenceunit."TPO_Grupo12_EAR.ear/TPO_Grupo12_EJB.jar#moduloHoteles"] 
      service jboss.deployment.subunit."TPO_Grupo12_EAR.ear"."TPO_Grupo12_EJB.jar".component.Controlador.CREATE (missing) dependents: [service jboss.deployment.subunit."TPO_Grupo12_EAR.ear"."TPO_Grupo12_EJB.jar".component.Controlador.START] 
      service jboss.deployment.subunit."TPO_Grupo12_EAR.ear"."TPO_Grupo12_EJB.jar".component.Controlador.JndiBindingsService (missing) dependents: [service jboss.deployment.subunit."TPO_Grupo12_EAR.ear"."TPO_Grupo12_EJB.jar".jndiDependencyService] 
      service jboss.deployment.subunit."TPO_Grupo12_EAR.ear"."TPO_Grupo12_EJB.jar".component.Controlador.START (missing) dependents: [service jboss.deployment.subunit."TPO_Grupo12_EAR.ear"."TPO_Grupo12_EJB.jar".deploymentCompleteService, service jboss.deployment.subunit."TPO_Grupo12_EAR.ear"."TPO_Grupo12_EJB.jar".moduleDeploymentRuntimeInformationStart] 
      service jboss.deployment.subunit."TPO_Grupo12_EAR.ear"."TPO_Grupo12_EJB.jar".component.Controlador.VIEW."controlador.ControladorRemote".REMOTE (missing) dependents: [service jboss.deployment.subunit."TPO_Grupo12_EAR.ear"."TPO_Grupo12_EJB.jar".component.Controlador.START] 
      service jboss.deployment.subunit."TPO_Grupo12_EAR.ear"."TPO_Grupo12_EJB.jar".component.Controlador.WeldInstantiator (missing) dependents: [service jboss.deployment.subunit."TPO_Grupo12_EAR.ear"."TPO_Grupo12_EJB.jar".component.Controlador.START] 
      service jboss.deployment.subunit."TPO_Grupo12_EAR.ear"."TPO_Grupo12_EJB.jar".component.Controlador.WeldInterceptorBindingsService (missing) dependents: [service jboss.deployment.subunit."TPO_Grupo12_EAR.ear"."TPO_Grupo12_EJB.jar".component.Controlador.WeldInstantiator] 
      service jboss.deployment.subunit."TPO_Grupo12_EAR.ear"."TPO_Grupo12_EJB.jar".component.Controlador.ejb.non-functional-timerservice (missing) dependents: [service jboss.deployment.subunit."TPO_Grupo12_EAR.ear"."TPO_Grupo12_EJB.jar".component.Controlador.START] 
      service jboss.deployment.subunit."TPO_Grupo12_EAR.ear"."TPO_Grupo12_EJB.jar".component.HibernateDAO.CREATE (missing) dependents: [service jboss.deployment.subunit."TPO_Grupo12_EAR.ear"."TPO_Grupo12_EJB.jar".component.HibernateDAO.START] 
      service jboss.deployment.subunit."TPO_Grupo12_EAR.ear"."TPO_Grupo12_EJB.jar".component.HibernateDAO.JndiBindingsService (missing) dependents: [service jboss.deployment.subunit."TPO_Grupo12_EAR.ear"."TPO_Grupo12_EJB.jar".jndiDependencyService] 
      service jboss.deployment.subunit."TPO_Grupo12_EAR.ear"."TPO_Grupo12_EJB.jar".component.HibernateDAO.START (missing) dependents: [service jboss.deployment.subunit."TPO_Grupo12_EAR.ear"."TPO_Grupo12_EJB.jar".deploymentCompleteService, service jboss.deployment.subunit."TPO_Grupo12_EAR.ear"."TPO_Grupo12_EJB.jar".moduleDeploymentRuntimeInformationStart] 
      service jboss.deployment.subunit."TPO_Grupo12_EAR.ear"."TPO_Grupo12_EJB.jar".component.HibernateDAO.VIEW."hibernate.HibernateDAOLocal".LOCAL (missing) dependents: [service jboss.deployment.subunit."TPO_Grupo12_EAR.ear"."TPO_Grupo12_EJB.jar".component.HibernateDAO.START] 
      service jboss.deployment.subunit."TPO_Grupo12_EAR.ear"."TPO_Grupo12_EJB.jar".component.HibernateDAO.WeldInstantiator (missing) dependents: [service jboss.deployment.subunit."TPO_Grupo12_EAR.ear"."TPO_Grupo12_EJB.jar".component.HibernateDAO.START] 
      service jboss.deployment.subunit."TPO_Grupo12_EAR.ear"."TPO_Grupo12_EJB.jar".component.HibernateDAO.WeldInterceptorBindingsService (missing) dependents: [service jboss.deployment.subunit."TPO_Grupo12_EAR.ear"."TPO_Grupo12_EJB.jar".component.HibernateDAO.WeldInstantiator] 
      service jboss.deployment.subunit."TPO_Grupo12_EAR.ear"."TPO_Grupo12_EJB.jar".component.HibernateDAO.ejb.non-functional-timerservice (missing) dependents: [service jboss.deployment.subunit."TPO_Grupo12_EAR.ear"."TPO_Grupo12_EJB.jar".component.HibernateDAO.START] 
      service jboss.deployment.subunit."TPO_Grupo12_EAR.ear"."TPO_Grupo12_EJB.jar".deploymentCompleteService (missing) dependents: [service jboss.deployment.unit."TPO_Grupo12_EAR.ear".deploymentCompleteService] 
      service jboss.deployment.subunit."TPO_Grupo12_EAR.ear"."TPO_Grupo12_EJB.jar".jndiDependencyService (missing) dependents: [service jboss.deployment.subunit."TPO_Grupo12_EAR.ear"."TPO_Grupo12_EJB.jar".component.Controlador.START, service jboss.deployment.unit."TPO_Grupo12_EAR.ear".WeldStartService, service jboss.deployment.subunit."TPO_Grupo12_EAR.ear"."TPO_Grupo12_EJB.jar".component.HibernateDAO.START] 
      service jboss.deployment.subunit."TPO_Grupo12_EAR.ear"."TPO_Grupo12_EJB.jar".moduleDeploymentRuntimeInformation (missing) dependents: [service jboss.deployment.subunit."TPO_Grupo12_EAR.ear"."TPO_Grupo12_EJB.jar".component.Controlador.START, service jboss.deployment.subunit."TPO_Grupo12_EAR.ear"."TPO_Grupo12_EJB.jar".moduleDeploymentRuntimeInformationStart, service jboss.deployment.subunit."TPO_Grupo12_EAR.ear"."TPO_Grupo12_EJB.jar".component.HibernateDAO.START] 
      service jboss.deployment.unit."TPO_Grupo12_EAR.ear".WeldBootstrapService (missing) dependents: [service jboss.deployment.unit."TPO_Grupo12_EAR.ear".CdiValidatorFactoryService, service jboss.deployment.unit."TPO_Grupo12_EAR.ear".WeldStartService] 
      service jboss.deployment.unit."TPO_Grupo12_EAR.ear".WeldStartService (missing) dependents: [service jboss.deployment.unit."TPO_Grupo12_EAR.ear".CdiValidatorFactoryService] 
      service jboss.deployment.unit."TPO_Grupo12_EAR.ear".jndiDependencyService (missing) dependents: [service jboss.deployment.unit."TPO_Grupo12_EAR.ear".WeldStartService] 
      service jboss.naming.context.java.app.TPO_Grupo12_EAR.TPO_Grupo12_EJB.HibernateDAO (missing) dependents: [service jboss.deployment.subunit."TPO_Grupo12_EAR.ear"."TPO_Grupo12_EJB.jar".component.HibernateDAO.JndiBindingsService] 
      service jboss.naming.context.java.app.TPO_Grupo12_EAR.TPO_Grupo12_EJB."HibernateDAO!hibernate.HibernateDAOLocal" (missing) dependents: [service jboss.deployment.subunit."TPO_Grupo12_EAR.ear"."TPO_Grupo12_EJB.jar".component.HibernateDAO.JndiBindingsService] 
      service jboss.naming.context.java.comp.TPO_Grupo12_EAR.TPO_Grupo12_EJB.Controlador (missing) dependents: [service jboss.deployment.subunit."TPO_Grupo12_EAR.ear"."TPO_Grupo12_EJB.jar".component.Controlador.START] 
      service jboss.naming.context.java.comp.TPO_Grupo12_EAR.TPO_Grupo12_EJB.Controlador.BeanManager (missing) dependents: [service jboss.deployment.subunit."TPO_Grupo12_EAR.ear"."TPO_Grupo12_EJB.jar".jndiDependencyService] 
      service jboss.naming.context.java.comp.TPO_Grupo12_EAR.TPO_Grupo12_EJB.Controlador.TransactionSynchronizationRegistry (missing) dependents: [service jboss.deployment.subunit."TPO_Grupo12_EAR.ear"."TPO_Grupo12_EJB.jar".jndiDependencyService] 
      service jboss.naming.context.java.comp.TPO_Grupo12_EAR.TPO_Grupo12_EJB.Controlador.UserTransaction (missing) dependents: [service jboss.deployment.subunit."TPO_Grupo12_EAR.ear"."TPO_Grupo12_EJB.jar".jndiDependencyService] 
      service jboss.naming.context.java.comp.TPO_Grupo12_EAR.TPO_Grupo12_EJB.Controlador.env."controlador.Controlador".interfaceLocal (missing) dependents: [service jboss.deployment.subunit."TPO_Grupo12_EAR.ear"."TPO_Grupo12_EJB.jar".component.Controlador.START] 
      service jboss.naming.context.java.comp.TPO_Grupo12_EAR.TPO_Grupo12_EJB.HibernateDAO (missing) dependents: [service jboss.naming.context.java.comp.TPO_Grupo12_EAR.TPO_Grupo12_EJB.HibernateDAO.env."hibernate.DAOClass".em, service jboss.deployment.subunit."TPO_Grupo12_EAR.ear"."TPO_Grupo12_EJB.jar".component.HibernateDAO.START] 
      service jboss.naming.context.java.comp.TPO_Grupo12_EAR.TPO_Grupo12_EJB.HibernateDAO.BeanManager (missing) dependents: [service jboss.deployment.subunit."TPO_Grupo12_EAR.ear"."TPO_Grupo12_EJB.jar".jndiDependencyService] 
      service jboss.naming.context.java.comp.TPO_Grupo12_EAR.TPO_Grupo12_EJB.HibernateDAO.DefaultContextService (missing) dependents: [service jboss.deployment.subunit."TPO_Grupo12_EAR.ear"."TPO_Grupo12_EJB.jar".component.HibernateDAO.JndiBindingsService] 
      service jboss.naming.context.java.comp.TPO_Grupo12_EAR.TPO_Grupo12_EJB.HibernateDAO.DefaultDataSource (missing) dependents: [service jboss.deployment.subunit."TPO_Grupo12_EAR.ear"."TPO_Grupo12_EJB.jar".component.HibernateDAO.JndiBindingsService] 
      service jboss.naming.context.java.comp.TPO_Grupo12_EAR.TPO_Grupo12_EJB.HibernateDAO.DefaultManagedExecutorService (missing) dependents: [service jboss.deployment.subunit."TPO_Grupo12_EAR.ear"."TPO_Grupo12_EJB.jar".component.HibernateDAO.JndiBindingsService] 
      service jboss.naming.context.java.comp.TPO_Grupo12_EAR.TPO_Grupo12_EJB.HibernateDAO.DefaultManagedScheduledExecutorService (missing) dependents: [service jboss.deployment.subunit."TPO_Grupo12_EAR.ear"."TPO_Grupo12_EJB.jar".component.HibernateDAO.JndiBindingsService] 
      service jboss.naming.context.java.comp.TPO_Grupo12_EAR.TPO_Grupo12_EJB.HibernateDAO.DefaultManagedThreadFactory (missing) dependents: [service jboss.deployment.subunit."TPO_Grupo12_EAR.ear"."TPO_Grupo12_EJB.jar".component.HibernateDAO.JndiBindingsService] 
      service jboss.naming.context.java.comp.TPO_Grupo12_EAR.TPO_Grupo12_EJB.HibernateDAO.EJBContext (missing) dependents: [service jboss.deployment.subunit."TPO_Grupo12_EAR.ear"."TPO_Grupo12_EJB.jar".component.HibernateDAO.JndiBindingsService] 
      service jboss.naming.context.java.comp.TPO_Grupo12_EAR.TPO_Grupo12_EJB.HibernateDAO.TimerService (missing) dependents: [service jboss.deployment.subunit."TPO_Grupo12_EAR.ear"."TPO_Grupo12_EJB.jar".component.HibernateDAO.JndiBindingsService] 
      service jboss.naming.context.java.comp.TPO_Grupo12_EAR.TPO_Grupo12_EJB.HibernateDAO.TransactionSynchronizationRegistry (missing) dependents: [service jboss.deployment.subunit."TPO_Grupo12_EAR.ear"."TPO_Grupo12_EJB.jar".jndiDependencyService] 
      service jboss.naming.context.java.comp.TPO_Grupo12_EAR.TPO_Grupo12_EJB.HibernateDAO.UserTransaction (missing) dependents: [service jboss.deployment.subunit."TPO_Grupo12_EAR.ear"."TPO_Grupo12_EJB.jar".jndiDependencyService] 
      service jboss.naming.context.java.comp.TPO_Grupo12_EAR.TPO_Grupo12_EJB.HibernateDAO.env (missing) dependents: [service jboss.deployment.subunit."TPO_Grupo12_EAR.ear"."TPO_Grupo12_EJB.jar".component.HibernateDAO.JndiBindingsService] 
      service jboss.naming.context.java.comp.TPO_Grupo12_EAR.TPO_Grupo12_EJB.HibernateDAO.env."hibernate.DAOClass".em (missing) dependents: [service jboss.deployment.subunit."TPO_Grupo12_EAR.ear"."TPO_Grupo12_EJB.jar".component.HibernateDAO.JndiBindingsService, service jboss.deployment.subunit."TPO_Grupo12_EAR.ear"."TPO_Grupo12_EJB.jar".component.HibernateDAO.START] 
      service jboss.naming.context.java.global.TPO_Grupo12_EAR.TPO_Grupo12_EJB.HibernateDAO (missing) dependents: [service jboss.deployment.subunit."TPO_Grupo12_EAR.ear"."TPO_Grupo12_EJB.jar".component.HibernateDAO.JndiBindingsService] 
      service jboss.naming.context.java.global.TPO_Grupo12_EAR.TPO_Grupo12_EJB."HibernateDAO!hibernate.HibernateDAOLocal" (missing) dependents: [service jboss.deployment.subunit."TPO_Grupo12_EAR.ear"."TPO_Grupo12_EJB.jar".component.HibernateDAO.JndiBindingsService] 
      service jboss.naming.context.java.module.TPO_Grupo12_EAR.TPO_Grupo12_Cliente.env."test.EnvioMensaje".controlador (missing) dependents: [service jboss.deployment.subunit."TPO_Grupo12_EAR.ear"."TPO_Grupo12_Cliente.war".component."test.EnvioMensaje".START] 
      service jboss.naming.context.java.module.TPO_Grupo12_EAR.TPO_Grupo12_EJB.BeanManager (missing) dependents: [service jboss.deployment.subunit."TPO_Grupo12_EAR.ear"."TPO_Grupo12_EJB.jar".jndiDependencyService] 
      service jboss.naming.context.java.module.TPO_Grupo12_EAR.TPO_Grupo12_EJB.HibernateDAO (missing) dependents: [service jboss.deployment.subunit."TPO_Grupo12_EAR.ear"."TPO_Grupo12_EJB.jar".component.HibernateDAO.JndiBindingsService] 
      service jboss.naming.context.java.module.TPO_Grupo12_EAR.TPO_Grupo12_EJB."HibernateDAO!hibernate.HibernateDAOLocal" (missing) dependents: [service jboss.deployment.subunit."TPO_Grupo12_EAR.ear"."TPO_Grupo12_EJB.jar".component.HibernateDAO.JndiBindingsService] 
      service jboss.naming.context.java.module.TPO_Grupo12_EAR.TPO_Grupo12_EJB.env (missing) dependents: [service jboss.deployment.subunit."TPO_Grupo12_EAR.ear"."TPO_Grupo12_EJB.jar".jndiDependencyService] 
      service jboss.persistenceunit."TPO_Grupo12_EAR.ear/TPO_Grupo12_EJB.jar#moduloHoteles" (missing) dependents: [service jboss.deployment.subunit."TPO_Grupo12_EAR.ear"."TPO_Grupo12_EJB.jar".deploymentCompleteService, service jboss.deployment.subunit."TPO_Grupo12_EAR.ear"."TPO_Grupo12_Cliente.war".component."javax.faces.webapp.FacetTag".START, service jboss.deployment.subunit."TPO_Grupo12_EAR.ear"."TPO_Grupo12_EJB.jar".component.Controlador.START, service jboss.deployment.subunit."TPO_Grupo12_EAR.ear"."TPO_Grupo12_Cliente.war".component.HotelControladorBS.START, WFLYCTL0208: ... and 6 more ] 
      service jboss.undertow.deployment.default-server.default-host./TPO_Grupo12_Cliente (missing) dependents: [service jboss.deployment.subunit."TPO_Grupo12_EAR.ear"."TPO_Grupo12_Cliente.war".deploymentCompleteService] 
      service jboss.undertow.deployment.default-server.default-host./TPO_Grupo12_Cliente.codec (missing) dependents: [service jboss.undertow.deployment.default-server.default-host./TPO_Grupo12_Cliente.UndertowDeploymentInfoService] 
      service jboss.undertow.deployment.default-server.default-host./TPO_Grupo12_Cliente.session (missing) dependents: [service jboss.undertow.deployment.default-server.default-host./TPO_Grupo12_Cliente.UndertowDeploymentInfoService] 

2017-10-30 19:47:22,461 INFO  [org.jboss.as.server.deployment.scanner] (DeploymentScanner-threads - 1) WFLYDS0004: Found TPO_Grupo12_EAR.ear in deployment directory. To trigger deployment create a file called TPO_Grupo12_EAR.ear.dodeploy
2017-10-30 19:54:09,434 INFO  [org.jboss.as.connector.subsystems.datasources] (MSC service thread 1-2) WFLYJCA0010: Unbound data source [java:jboss/datasources/ExampleDS]
2017-10-30 19:54:09,446 INFO  [org.jboss.as.connector.subsystems.datasources] (MSC service thread 1-3) WFLYJCA0001: Bound data source [java:jboss/datasources/ExampleDS]
2017-10-30 19:54:09,454 INFO  [org.jboss.weld.deployer] (MSC service thread 1-3) WFLYWELD0010: Stopping weld service for deployment serverEAR.ear
2017-10-30 19:54:09,473 INFO  [org.jboss.as.server.deployment] (MSC service thread 1-3) WFLYSRV0208: Stopped subdeployment (runtime-name: server.jar) in 26ms
2017-10-30 19:54:09,474 INFO  [org.jboss.as.server.deployment] (MSC service thread 1-3) WFLYSRV0028: Stopped deployment serverEAR.ear (runtime-name: serverEAR.ear) in 28ms
2017-10-30 19:54:09,475 INFO  [org.jboss.as.server.deployment] (MSC service thread 1-3) WFLYSRV0027: Starting deployment of "serverEAR.ear" (runtime-name: "serverEAR.ear")
2017-10-30 19:54:09,490 INFO  [org.jboss.as.server.deployment] (MSC service thread 1-7) WFLYSRV0207: Starting subdeployment (runtime-name: "server.jar")
2017-10-30 19:54:09,529 INFO  [org.jboss.weld.deployer] (MSC service thread 1-5) WFLYWELD0003: Processing weld deployment serverEAR.ear
2017-10-30 19:54:09,542 INFO  [org.jboss.weld.deployer] (MSC service thread 1-2) WFLYWELD0003: Processing weld deployment server.jar
2017-10-30 19:54:09,543 INFO  [org.jboss.as.ejb3.deployment.processors.EjbJndiBindingsDeploymentUnitProcessor] (MSC service thread 1-2) JNDI bindings for session bean named MiBean in deployment unit subdeployment "server.jar" of deployment "serverEAR.ear" are as follows:

	java:global/serverEAR/server/MiBean!com.example.MiBean
	java:app/server/MiBean!com.example.MiBean
	java:module/MiBean!com.example.MiBean
	java:global/serverEAR/server/MiBean!com.example.MiBeanRemote
	java:app/server/MiBean!com.example.MiBeanRemote
	java:module/MiBean!com.example.MiBeanRemote
	java:jboss/exported/serverEAR/server/MiBean!com.example.MiBeanRemote
	java:global/serverEAR/server/MiBean!com.example.MiBeanLocal
	java:app/server/MiBean!com.example.MiBeanLocal
	java:module/MiBean!com.example.MiBeanLocal

2017-10-30 19:54:09,545 INFO  [org.jboss.weld.deployer] (MSC service thread 1-2) WFLYWELD0006: Starting Services for CDI deployment: serverEAR.ear
2017-10-30 19:54:09,548 INFO  [org.jboss.weld.deployer] (MSC service thread 1-6) WFLYWELD0009: Starting weld service for deployment serverEAR.ear
2017-10-30 19:54:09,784 INFO  [org.jboss.as.controller] (XNIO-1 task-7) WFLYCTL0183: Service status report
WFLYCTL0184:    New missing/unsatisfied dependencies:
      service jboss.deployment.subunit."serverEAR.ear"."server.jar".component.MiBean.CREATE (unavailable) dependents: [service jboss.deployment.subunit."serverEAR.ear"."server.jar".component.MiBean.START] 
      service jboss.deployment.subunit."serverEAR.ear"."server.jar".component.MiBean.JndiBindingsService (unavailable) dependents: [service jboss.deployment.subunit."serverEAR.ear"."server.jar".jndiDependencyService] 
      service jboss.deployment.subunit."serverEAR.ear"."server.jar".component.MiBean.START (unavailable) dependents: [service jboss.deployment.subunit."serverEAR.ear"."server.jar".moduleDeploymentRuntimeInformationStart, service jboss.deployment.subunit."serverEAR.ear"."server.jar".deploymentCompleteService] 
      service jboss.deployment.subunit."serverEAR.ear"."server.jar".component.MiBean.VIEW."com.example.MiBean".LOCAL (unavailable) dependents: [service jboss.deployment.subunit."serverEAR.ear"."server.jar".component.MiBean.START] 
      service jboss.deployment.subunit."serverEAR.ear"."server.jar".component.MiBean.VIEW."com.example.MiBeanLocal".LOCAL (unavailable) dependents: [service jboss.deployment.subunit."serverEAR.ear"."server.jar".component.MiBean.START] 
      service jboss.deployment.subunit."serverEAR.ear"."server.jar".component.MiBean.VIEW."com.example.MiBeanRemote".REMOTE (unavailable) dependents: [service jboss.deployment.subunit."serverEAR.ear"."server.jar".component.MiBean.START] 
      service jboss.deployment.subunit."serverEAR.ear"."server.jar".component.MiBean.WeldInstantiator (unavailable) dependents: [service jboss.deployment.subunit."serverEAR.ear"."server.jar".component.MiBean.START] 
      service jboss.deployment.subunit."serverEAR.ear"."server.jar".component.MiBean.WeldInterceptorBindingsService (unavailable) dependents: [service jboss.deployment.subunit."serverEAR.ear"."server.jar".component.MiBean.WeldInstantiator] 
      service jboss.deployment.subunit."serverEAR.ear"."server.jar".component.MiBean.ejb.non-functional-timerservice (unavailable) dependents: [service jboss.deployment.subunit."serverEAR.ear"."server.jar".component.MiBean.START] 
      service jboss.deployment.subunit."serverEAR.ear"."server.jar".deploymentCompleteService (unavailable) dependents: [service jboss.deployment.unit."serverEAR.ear".deploymentCompleteService] 
      service jboss.deployment.subunit."serverEAR.ear"."server.jar".jndiDependencyService (unavailable) dependents: [service jboss.deployment.subunit."serverEAR.ear"."server.jar".component.MiBean.START, service jboss.deployment.unit."serverEAR.ear".WeldStartService] 
      service jboss.deployment.subunit."serverEAR.ear"."server.jar".moduleDeploymentRuntimeInformation (unavailable) dependents: [service jboss.deployment.subunit."serverEAR.ear"."server.jar".moduleDeploymentRuntimeInformationStart, service jboss.deployment.subunit."serverEAR.ear"."server.jar".component.MiBean.START] 
      service jboss.deployment.unit."serverEAR.ear".WeldBootstrapService (unavailable) dependents: [service jboss.deployment.unit."serverEAR.ear".CdiValidatorFactoryService, service jboss.deployment.unit."serverEAR.ear".WeldStartService] 
      service jboss.deployment.unit."serverEAR.ear".WeldStartService (unavailable) dependents: [service jboss.deployment.unit."serverEAR.ear".CdiValidatorFactoryService] 
      service jboss.deployment.unit."serverEAR.ear".jndiDependencyService (unavailable) dependents: [service jboss.deployment.unit."serverEAR.ear".WeldStartService] 
      service jboss.naming.context.java.app.serverEAR.server."MiBean!com.example.MiBean" (unavailable) dependents: [service jboss.deployment.subunit."serverEAR.ear"."server.jar".component.MiBean.JndiBindingsService] 
      service jboss.naming.context.java.app.serverEAR.server."MiBean!com.example.MiBeanLocal" (unavailable) dependents: [service jboss.deployment.subunit."serverEAR.ear"."server.jar".component.MiBean.JndiBindingsService] 
      service jboss.naming.context.java.app.serverEAR.server."MiBean!com.example.MiBeanRemote" (unavailable) dependents: [service jboss.deployment.subunit."serverEAR.ear"."server.jar".component.MiBean.JndiBindingsService] 
      service jboss.naming.context.java.comp.serverEAR.server.MiBean (unavailable) dependents: [service jboss.deployment.subunit."serverEAR.ear"."server.jar".component.MiBean.START, service jboss.naming.context.java.comp.serverEAR.server.MiBean.DefaultDataSource] 
      service jboss.naming.context.java.comp.serverEAR.server.MiBean.BeanManager (unavailable) dependents: [service jboss.deployment.subunit."serverEAR.ear"."server.jar".jndiDependencyService] 
      service jboss.naming.context.java.comp.serverEAR.server.MiBean.DefaultContextService (unavailable) dependents: [service jboss.deployment.subunit."serverEAR.ear"."server.jar".component.MiBean.JndiBindingsService] 
      service jboss.naming.context.java.comp.serverEAR.server.MiBean.DefaultDataSource (unavailable) dependents: [service jboss.deployment.subunit."serverEAR.ear"."server.jar".component.MiBean.JndiBindingsService] 
      service jboss.naming.context.java.comp.serverEAR.server.MiBean.DefaultManagedExecutorService (unavailable) dependents: [service jboss.deployment.subunit."serverEAR.ear"."server.jar".component.MiBean.JndiBindingsService] 
      service jboss.naming.context.java.comp.serverEAR.server.MiBean.DefaultManagedScheduledExecutorService (unavailable) dependents: [service jboss.deployment.subunit."serverEAR.ear"."server.jar".component.MiBean.JndiBindingsService] 
      service jboss.naming.context.java.comp.serverEAR.server.MiBean.DefaultManagedThreadFactory (unavailable) dependents: [service jboss.deployment.subunit."serverEAR.ear"."server.jar".component.MiBean.JndiBindingsService] 
      service jboss.naming.context.java.comp.serverEAR.server.MiBean.EJBContext (unavailable) dependents: [service jboss.deployment.subunit."serverEAR.ear"."server.jar".component.MiBean.JndiBindingsService] 
      service jboss.naming.context.java.comp.serverEAR.server.MiBean.TimerService (unavailable) dependents: [service jboss.deployment.subunit."serverEAR.ear"."server.jar".component.MiBean.JndiBindingsService] 
      service jboss.naming.context.java.comp.serverEAR.server.MiBean.TransactionSynchronizationRegistry (unavailable) dependents: [service jboss.deployment.subunit."serverEAR.ear"."server.jar".jndiDependencyService] 
      service jboss.naming.context.java.comp.serverEAR.server.MiBean.UserTransaction (unavailable) dependents: [service jboss.deployment.subunit."serverEAR.ear"."server.jar".jndiDependencyService] 
      service jboss.naming.context.java.comp.serverEAR.server.MiBean.env (unavailable) dependents: [service jboss.deployment.subunit."serverEAR.ear"."server.jar".component.MiBean.JndiBindingsService] 
      service jboss.naming.context.java.global.serverEAR.server."MiBean!com.example.MiBean" (unavailable) dependents: [service jboss.deployment.subunit."serverEAR.ear"."server.jar".component.MiBean.JndiBindingsService] 
      service jboss.naming.context.java.global.serverEAR.server."MiBean!com.example.MiBeanLocal" (unavailable) dependents: [service jboss.deployment.subunit."serverEAR.ear"."server.jar".component.MiBean.JndiBindingsService] 
      service jboss.naming.context.java.global.serverEAR.server."MiBean!com.example.MiBeanRemote" (unavailable) dependents: [service jboss.deployment.subunit."serverEAR.ear"."server.jar".component.MiBean.JndiBindingsService] 
      service jboss.naming.context.java.module.serverEAR.server.BeanManager (unavailable) dependents: [service jboss.deployment.subunit."serverEAR.ear"."server.jar".jndiDependencyService] 
      service jboss.naming.context.java.module.serverEAR.server."MiBean!com.example.MiBean" (unavailable) dependents: [service jboss.deployment.subunit."serverEAR.ear"."server.jar".component.MiBean.JndiBindingsService] 
      service jboss.naming.context.java.module.serverEAR.server."MiBean!com.example.MiBeanLocal" (unavailable) dependents: [service jboss.deployment.subunit."serverEAR.ear"."server.jar".component.MiBean.JndiBindingsService] 
      service jboss.naming.context.java.module.serverEAR.server."MiBean!com.example.MiBeanRemote" (unavailable) dependents: [service jboss.deployment.subunit."serverEAR.ear"."server.jar".component.MiBean.JndiBindingsService] 
      service jboss.naming.context.java.module.serverEAR.server.env (unavailable) dependents: [service jboss.deployment.subunit."serverEAR.ear"."server.jar".jndiDependencyService] 
WFLYCTL0185:    Newly corrected services:
      service jboss.deployment.subunit."TPO_Grupo12_EAR.ear"."TPO_Grupo12_Cliente.war".component.HotelControladorBS.CREATE (no longer required)
      service jboss.deployment.subunit."TPO_Grupo12_EAR.ear"."TPO_Grupo12_Cliente.war".component.HotelControladorBS.START (no longer required)
      service jboss.deployment.subunit."TPO_Grupo12_EAR.ear"."TPO_Grupo12_Cliente.war".component.HotelControladorBS.WeldInterceptorBindingsService (no longer required)
      service jboss.deployment.subunit."TPO_Grupo12_EAR.ear"."TPO_Grupo12_Cliente.war".component.HotelControladorBS.ejb.non-functional-timerservice (no longer required)
      service jboss.deployment.subunit."TPO_Grupo12_EAR.ear"."TPO_Grupo12_Cliente.war".component."com.sun.faces.config.ConfigureListener".START (no longer required)
      service jboss.deployment.subunit."TPO_Grupo12_EAR.ear"."TPO_Grupo12_Cliente.war".component."javax.faces.webapp.FacetTag".CREATE (no longer required)
      service jboss.deployment.subunit."TPO_Grupo12_EAR.ear"."TPO_Grupo12_Cliente.war".component."javax.faces.webapp.FacetTag".START (no longer required)
      service jboss.deployment.subunit."TPO_Grupo12_EAR.ear"."TPO_Grupo12_Cliente.war".component."javax.faces.webapp.FacetTag".WeldInstantiator (no longer required)
      service jboss.deployment.subunit."TPO_Grupo12_EAR.ear"."TPO_Grupo12_Cliente.war".component."javax.servlet.jsp.jstl.tlv.PermittedTaglibsTLV".CREATE (no longer required)
      service jboss.deployment.subunit."TPO_Grupo12_EAR.ear"."TPO_Grupo12_Cliente.war".component."javax.servlet.jsp.jstl.tlv.PermittedTaglibsTLV".START (no longer required)
      service jboss.deployment.subunit."TPO_Grupo12_EAR.ear"."TPO_Grupo12_Cliente.war".component."javax.servlet.jsp.jstl.tlv.PermittedTaglibsTLV".WeldInstantiator (no longer required)
      service jboss.deployment.subunit."TPO_Grupo12_EAR.ear"."TPO_Grupo12_Cliente.war".component."javax.servlet.jsp.jstl.tlv.ScriptFreeTLV".START (no longer required)
      service jboss.deployment.subunit."TPO_Grupo12_EAR.ear"."TPO_Grupo12_Cliente.war".component."org.jboss.weld.servlet.WeldInitialListener".CREATE (no longer required)
      service jboss.deployment.subunit."TPO_Grupo12_EAR.ear"."TPO_Grupo12_Cliente.war".component."org.jboss.weld.servlet.WeldInitialListener".START (no longer required)
      service jboss.deployment.subunit."TPO_Grupo12_EAR.ear"."TPO_Grupo12_Cliente.war".component."org.jboss.weld.servlet.WeldInitialListener".WeldInstantiator (no longer required)
      service jboss.deployment.subunit."TPO_Grupo12_EAR.ear"."TPO_Grupo12_Cliente.war".component."org.jboss.weld.servlet.WeldTerminalListener".CREATE (no longer required)
      service jboss.deployment.subunit."TPO_Grupo12_EAR.ear"."TPO_Grupo12_Cliente.war".component."org.jboss.weld.servlet.WeldTerminalListener".WeldInstantiator (no longer required)
      service jboss.deployment.subunit."TPO_Grupo12_EAR.ear"."TPO_Grupo12_Cliente.war".component."test.EnvioMensaje".CREATE (no longer required)
      service jboss.deployment.subunit."TPO_Grupo12_EAR.ear"."TPO_Grupo12_Cliente.war".component."test.EnvioMensaje".START (no longer required)
      service jboss.deployment.subunit."TPO_Grupo12_EAR.ear"."TPO_Grupo12_Cliente.war".component."test.EnvioMensaje".WeldInstantiator (no longer required)
      service jboss.deployment.subunit."TPO_Grupo12_EAR.ear"."TPO_Grupo12_Cliente.war".deploymentCompleteService (no longer required)
      service jboss.deployment.subunit."TPO_Grupo12_EAR.ear"."TPO_Grupo12_Cliente.war".jndiDependencyService (no longer required)
      service jboss.deployment.subunit."TPO_Grupo12_EAR.ear"."TPO_Grupo12_Cliente.war".moduleDeploymentRuntimeInformation (no longer required)
      service jboss.deployment.subunit."TPO_Grupo12_EAR.ear"."TPO_Grupo12_EJB.jar".beanmanager (no longer required)
      service jboss.deployment.subunit."TPO_Grupo12_EAR.ear"."TPO_Grupo12_EJB.jar".component.Controlador.CREATE (no longer required)
      service jboss.deployment.subunit."TPO_Grupo12_EAR.ear"."TPO_Grupo12_EJB.jar".component.Controlador.JndiBindingsService (no longer required)
      service jboss.deployment.subunit."TPO_Grupo12_EAR.ear"."TPO_Grupo12_EJB.jar".component.Controlador.START (no longer required)
      service jboss.deployment.subunit."TPO_Grupo12_EAR.ear"."TPO_Grupo12_EJB.jar".component.Controlador.VIEW."controlador.ControladorRemote".REMOTE (no longer required)
      service jboss.deployment.subunit."TPO_Grupo12_EAR.ear"."TPO_Grupo12_EJB.jar".component.Controlador.WeldInstantiator (no longer required)
      service jboss.deployment.subunit."TPO_Grupo12_EAR.ear"."TPO_Grupo12_EJB.jar".component.Controlador.WeldInterceptorBindingsService (no longer required)
      service jboss.deployment.subunit."TPO_Grupo12_EAR.ear"."TPO_Grupo12_EJB.jar".component.Controlador.ejb.non-functional-timerservice (no longer required)
      service jboss.deployment.subunit."TPO_Grupo12_EAR.ear"."TPO_Grupo12_EJB.jar".component.HibernateDAO.CREATE (no longer required)
      service jboss.deployment.subunit."TPO_Grupo12_EAR.ear"."TPO_Grupo12_EJB.jar".component.HibernateDAO.JndiBindingsService (no longer required)
      service jboss.deployment.subunit."TPO_Grupo12_EAR.ear"."TPO_Grupo12_EJB.jar".component.HibernateDAO.START (no longer required)
      service jboss.deployment.subunit."TPO_Grupo12_EAR.ear"."TPO_Grupo12_EJB.jar".component.HibernateDAO.VIEW."hibernate.HibernateDAOLocal".LOCAL (no longer required)
      service jboss.deployment.subunit."TPO_Grupo12_EAR.ear"."TPO_Grupo12_EJB.jar".component.HibernateDAO.WeldInstantiator (no longer required)
      service jboss.deployment.subunit."TPO_Grupo12_EAR.ear"."TPO_Grupo12_EJB.jar".component.HibernateDAO.WeldInterceptorBindingsService (no longer required)
      service jboss.deployment.subunit."TPO_Grupo12_EAR.ear"."TPO_Grupo12_EJB.jar".component.HibernateDAO.ejb.non-functional-timerservice (no longer required)
      service jboss.deployment.subunit."TPO_Grupo12_EAR.ear"."TPO_Grupo12_EJB.jar".deploymentCompleteService (no longer required)
      service jboss.deployment.subunit."TPO_Grupo12_EAR.ear"."TPO_Grupo12_EJB.jar".jndiDependencyService (no longer required)
      service jboss.deployment.subunit."TPO_Grupo12_EAR.ear"."TPO_Grupo12_EJB.jar".moduleDeploymentRuntimeInformation (no longer required)
      service jboss.deployment.unit."TPO_Grupo12_EAR.ear".WeldBootstrapService (no longer required)
      service jboss.deployment.unit."TPO_Grupo12_EAR.ear".WeldStartService (no longer required)
      service jboss.deployment.unit."TPO_Grupo12_EAR.ear".jndiDependencyService (no longer required)
      service jboss.naming.context.java.app.TPO_Grupo12_EAR.TPO_Grupo12_EJB.HibernateDAO (no longer required)
      service jboss.naming.context.java.app.TPO_Grupo12_EAR.TPO_Grupo12_EJB."HibernateDAO!hibernate.HibernateDAOLocal" (no longer required)
      service jboss.naming.context.java.comp.TPO_Grupo12_EAR.TPO_Grupo12_EJB.Controlador (no longer required)
      service jboss.naming.context.java.comp.TPO_Grupo12_EAR.TPO_Grupo12_EJB.Controlador.BeanManager (no longer required)
      service jboss.naming.context.java.comp.TPO_Grupo12_EAR.TPO_Grupo12_EJB.Controlador.TransactionSynchronizationRegistry (no longer required)
      service jboss.naming.context.java.comp.TPO_Grupo12_EAR.TPO_Grupo12_EJB.Controlador.UserTransaction (no longer required)
      service jboss.naming.context.java.comp.TPO_Grupo12_EAR.TPO_Grupo12_EJB.Controlador.env."controlador.Controlador".interfaceLocal (no longer required)
      service jboss.naming.context.java.comp.TPO_Grupo12_EAR.TPO_Grupo12_EJB.HibernateDAO (no longer required)
      service jboss.naming.context.java.comp.TPO_Grupo12_EAR.TPO_Grupo12_EJB.HibernateDAO.BeanManager (no longer required)
      service jboss.naming.context.java.comp.TPO_Grupo12_EAR.TPO_Grupo12_EJB.HibernateDAO.DefaultContextService (no longer required)
      service jboss.naming.context.java.comp.TPO_Grupo12_EAR.TPO_Grupo12_EJB.HibernateDAO.DefaultDataSource (no longer required)
      service jboss.naming.context.java.comp.TPO_Grupo12_EAR.TPO_Grupo12_EJB.HibernateDAO.DefaultManagedExecutorService (no longer required)
      service jboss.naming.context.java.comp.TPO_Grupo12_EAR.TPO_Grupo12_EJB.HibernateDAO.DefaultManagedScheduledExecutorService (no longer required)
      service jboss.naming.context.java.comp.TPO_Grupo12_EAR.TPO_Grupo12_EJB.HibernateDAO.DefaultManagedThreadFactory (no longer required)
      service jboss.naming.context.java.comp.TPO_Grupo12_EAR.TPO_Grupo12_EJB.HibernateDAO.EJBContext (no longer required)
      service jboss.naming.context.java.comp.TPO_Grupo12_EAR.TPO_Grupo12_EJB.HibernateDAO.TimerService (no longer required)
      service jboss.naming.context.java.comp.TPO_Grupo12_EAR.TPO_Grupo12_EJB.HibernateDAO.TransactionSynchronizationRegistry (no longer required)
      service jboss.naming.context.java.comp.TPO_Grupo12_EAR.TPO_Grupo12_EJB.HibernateDAO.UserTransaction (no longer required)
      service jboss.naming.context.java.comp.TPO_Grupo12_EAR.TPO_Grupo12_EJB.HibernateDAO.env (no longer required)
      service jboss.naming.context.java.comp.TPO_Grupo12_EAR.TPO_Grupo12_EJB.HibernateDAO.env."hibernate.DAOClass".em (no longer required)
      service jboss.naming.context.java.global.TPO_Grupo12_EAR.TPO_Grupo12_EJB.HibernateDAO (no longer required)
      service jboss.naming.context.java.global.TPO_Grupo12_EAR.TPO_Grupo12_EJB."HibernateDAO!hibernate.HibernateDAOLocal" (no longer required)
      service jboss.naming.context.java.jboss.SQLSERVERDS (no longer required)
      service jboss.naming.context.java.module.TPO_Grupo12_EAR.TPO_Grupo12_Cliente.env."test.EnvioMensaje".controlador (no longer required)
      service jboss.naming.context.java.module.TPO_Grupo12_EAR.TPO_Grupo12_EJB.BeanManager (no longer required)
      service jboss.naming.context.java.module.TPO_Grupo12_EAR.TPO_Grupo12_EJB.HibernateDAO (no longer required)
      service jboss.naming.context.java.module.TPO_Grupo12_EAR.TPO_Grupo12_EJB."HibernateDAO!hibernate.HibernateDAOLocal" (no longer required)
      service jboss.naming.context.java.module.TPO_Grupo12_EAR.TPO_Grupo12_EJB.env (no longer required)
      service jboss.persistenceunit."TPO_Grupo12_EAR.ear/TPO_Grupo12_EJB.jar#moduloHoteles" (no longer required)
      service jboss.undertow.deployment.default-server.default-host./TPO_Grupo12_Cliente (no longer required)
      service jboss.undertow.deployment.default-server.default-host./TPO_Grupo12_Cliente.codec (no longer required)
      service jboss.undertow.deployment.default-server.default-host./TPO_Grupo12_Cliente.session (no longer required)

